Building file: ../src/CStopWatch.cpp
Invoking: GCC C++ Compiler
cc -I../src  -I-I/usr/local/boost/intel/19.0/mvapich2/2.3/1.72.0/include/ -O2 -g -Wall -c -fmessage-length=0 -std=c++17 -fopenmp    -L-L/usr/local/boost/intel/19.0/mvapich2/2.3/1.72.0/lib -lgomp -lmpi -lboost_mpi -lboost_serialization -MMD -MP -MF"src/CStopWatch.d" -MT"src/CStopWatch.d" -o "src/CStopWatch.o" "../src/CStopWatch.cpp"
cc: error: unrecognized command line option ‘-std=c++17’
make: *** [src/CStopWatch.o] Error 1
Usage:
    mpiexec.slurm args executable pgmargs

    where args are comannd line arguments for mpiexec (see below),
    executable is the name of the eecutable and pgmargs are command line
    arguments for the executable. For example the following command will run
    the MPI program a.out on 4 processes:

            mpiexec.slurm -n 4 a.out

    mpiexec.slurm supports the following options:

             [-n nprocs]
             [-host hostname]
             [-verbose]
             [-nostdin]
             [-allstdin]
             [-nostdout]
             [-pernode]
             [-ppn procspernode]
             [-config config_file]
             [-help|-?]
             [-man]

