Building file: ../src/main.cpp
Invoking: GCC C++ Compiler
mpicxx -I../src -I/boost_1_75_0 -O2 -g -Wall -c -fmessage-length=0 -std=c++17 -I-I/usr/local/boost/intel/19.0/mvapich2/2.3/1.72.0/include    -L-L/usr/local/boost/intel/19.0/mvapich2/2.3/1.72.0/lib -lboost_mpi -lboost_serialization -MMD -MP -MF"src/main.d" -MT"src/main.d" -o "src/main.o" "../src/main.cpp"
Finished building: ../src/main.cpp
 
Building target: MPI
Invoking: GCC C++ Linker
mpicxx -o "cs4170_sp2021_a02_williamson"   ./src/CStopWatch.o  ./src/main.o -L-L/usr/local/boost/intel/19.0/mvapich2/2.3/1.72.0/lib -lboost_mpi -lboost_serialization 
Finished building target: MPI
 
slurmstepd: error: execve(): Results: Permission denied
slurmstepd: error: execve(): Results: Permission denied
slurmstepd: error: execve(): Results: Permission denied
slurmstepd: error: execve(): Results: Permission denied
slurmstepd: error: execve(): Results: Permission denied
slurmstepd: error: execve(): Results: Permission denied
slurmstepd: error: execve(): Results: Permission denied
slurmstepd: error: execve(): Results: Permission denied
slurmstepd: error: execve(): Results: Permission denied
slurmstepd: error: execve(): Results: Permission denied
slurmstepd: error: execve(): Results: Permission denied
slurmstepd: error: execve(): Results: Permission denied
srun: error: o0211: task 6: Exited with exit code 13
srun: error: o0205: task 0: Exited with exit code 13
srun: error: o0206: task 1: Exited with exit code 13
srun: error: o0216: task 11: Exited with exit code 13
srun: error: o0210: task 5: Exited with exit code 13
srun: error: o0208: task 3: Exited with exit code 13
srun: error: o0213: task 8: Exited with exit code 13
srun: error: o0214: task 9: Exited with exit code 13
srun: error: o0212: task 7: Exited with exit code 13
srun: error: o0207: task 2: Exited with exit code 13
srun: error: o0209: task 4: Exited with exit code 13
srun: error: o0215: task 10: Exited with exit code 13
slurmstepd: error: execve(): Results: Permission denied
slurmstepd: error: execve(): Results: Permission denied
slurmstepd: error: execve(): Results: Permission denied
slurmstepd: error: execve(): Results: Permission denied
slurmstepd: error: execve(): Results: Permission denied
slurmstepd: error: execve(): Results: Permission denied
slurmstepd: error: execve(): Results: Permission denied
slurmstepd: error: execve(): Results: Permission denied
slurmstepd: error: execve(): Results: Permission denied
slurmstepd: error: execve(): Results: Permission denied
slurmstepd: error: execve(): Results: Permission denied
slurmstepd: error: execve(): Results: Permission denied
srun: error: o0212: task 15: Exited with exit code 13
srun: error: o0215: task 21: Exited with exit code 13
srun: error: o0216: task 23: Exited with exit code 13
srun: error: o0206: task 3: Exited with exit code 13
srun: error: o0211: task 13: Exited with exit code 13
srun: error: o0207: task 5: Exited with exit code 13
srun: error: o0209: task 9: Exited with exit code 13
srun: error: o0213: task 17: Exited with exit code 13
srun: error: o0208: task 7: Exited with exit code 13
srun: error: o0214: task 19: Exited with exit code 13
srun: error: o0210: task 11: Exited with exit code 13
srun: error: o0205: task 1: Exited with exit code 13
slurmstepd: error: execve(): Results: Permission denied
slurmstepd: error: execve(): Results: Permission denied
slurmstepd: error: execve(): Results: Permission denied
slurmstepd: error: execve(): Results: Permission denied
slurmstepd: error: execve(): Results: Permission denied
slurmstepd: error: execve(): Results: Permission denied
slurmstepd: error: execve(): Results: Permission denied
slurmstepd: error: execve(): Results: Permission denied
slurmstepd: error: execve(): Results: Permission denied
slurmstepd: error: execve(): Results: Permission denied
slurmstepd: error: execve(): Results: Permission denied
slurmstepd: error: execve(): Results: Permission denied
srun: error: o0212: task 14: Exited with exit code 13
srun: error: o0205: task 0: Exited with exit code 13
srun: error: o0215: task 20: Exited with exit code 13
srun: error: o0214: task 18: Exited with exit code 13
srun: error: o0216: task 22: Exited with exit code 13
srun: error: o0208: task 6: Exited with exit code 13
srun: error: o0210: task 10: Exited with exit code 13
srun: error: o0213: task 16: Exited with exit code 13
srun: error: o0206: task 2: Exited with exit code 13
srun: error: o0209: task 8: Exited with exit code 13
srun: error: o0207: task 4: Exited with exit code 13
srun: error: o0211: task 12: Exited with exit code 13
slurmstepd: error: execve(): Results: Permission denied
slurmstepd: error: execve(): Results: Permission denied
slurmstepd: error: execve(): Results: Permission denied
slurmstepd: error: execve(): Results: Permission denied
slurmstepd: error: execve(): Results: Permission denied
slurmstepd: error: execve(): Results: Permission denied
slurmstepd: error: execve(): Results: Permission denied
slurmstepd: error: execve(): Results: Permission denied
slurmstepd: error: execve(): Results: Permission denied
slurmstepd: error: execve(): Results: Permission denied
slurmstepd: error: execve(): Results: Permission denied
slurmstepd: error: execve(): Results: Permission denied
slurmstepd: error: execve(): Results: Permission denied
slurmstepd: error: execve(): Results: Permission denied
slurmstepd: error: execve(): Results: Permission denied
slurmstepd: error: execve(): Results: Permission denied
slurmstepd: error: execve(): Results: Permission denied
slurmstepd: error: execve(): Results: Permission denied
slurmstepd: error: execve(): Results: Permission denied
slurmstepd: error: execve(): Results: Permission denied
slurmstepd: error: execve(): Results: Permission denied
slurmstepd: error: execve(): Results: Permission denied
slurmstepd: error: execve(): Results: Permission denied
slurmstepd: error: execve(): Results: Permission denied
srun: error: o0215: tasks 31-32: Exited with exit code 13
srun: error: o0213: tasks 25-26: Exited with exit code 13
srun: error: o0216: tasks 34-35: Exited with exit code 13
srun: error: o0209: tasks 13-14: Exited with exit code 13
srun: error: o0212: tasks 22-23: Exited with exit code 13
srun: error: o0208: tasks 10-11: Exited with exit code 13
srun: error: o0206: tasks 4-5: Exited with exit code 13
srun: error: o0207: tasks 7-8: Exited with exit code 13
srun: error: o0210: tasks 16-17: Exited with exit code 13
srun: error: o0211: tasks 19-20: Exited with exit code 13
srun: error: o0205: tasks 1-2: Exited with exit code 13
srun: error: o0214: tasks 28-29: Exited with exit code 13
slurmstepd: error: execve(): Results: Permission denied
slurmstepd: error: execve(): Results: Permission denied
slurmstepd: error: execve(): Results: Permission denied
slurmstepd: error: execve(): Results: Permission denied
slurmstepd: error: execve(): Results: Permission denied
slurmstepd: error: execve(): Results: Permission denied
slurmstepd: error: execve(): Results: Permission denied
slurmstepd: error: execve(): Results: Permission denied
slurmstepd: error: execve(): Results: Permission denied
slurmstepd: error: execve(): Results: Permission denied
slurmstepd: error: execve(): Results: Permission denied
slurmstepd: error: execve(): Results: Permission denied
srun: error: o0213: task 24: Exited with exit code 13
srun: error: o0208: task 9: Exited with exit code 13
srun: error: o0215: task 30: Exited with exit code 13
srun: error: o0205: task 0: Exited with exit code 13
srun: error: o0212: task 21: Exited with exit code 13
srun: error: o0216: task 33: Exited with exit code 13
srun: error: o0209: task 12: Exited with exit code 13
srun: error: o0214: task 27: Exited with exit code 13
srun: error: o0207: task 6: Exited with exit code 13
srun: error: o0206: task 3: Exited with exit code 13
srun: error: o0211: task 18: Exited with exit code 13
srun: error: o0210: task 15: Exited with exit code 13
slurmstepd: error: execve(): Results: Permission denied
slurmstepd: error: execve(): Results: Permission denied
slurmstepd: error: execve(): Results: Permission denied
slurmstepd: error: execve(): Results: Permission denied
slurmstepd: error: execve(): Results: Permission denied
slurmstepd: error: execve(): Results: Permission denied
slurmstepd: error: execve(): Results: Permission denied
slurmstepd: error: execve(): Results: Permission denied
slurmstepd: error: execve(): Results: Permission denied
slurmstepd: error: execve(): Results: Permission denied
slurmstepd: error: execve(): Results: Permission denied
slurmstepd: error: execve(): Results: Permission denied
slurmstepd: error: execve(): Results: Permission denied
slurmstepd: error: execve(): Results: Permission denied
slurmstepd: error: execve(): Results: Permission denied
slurmstepd: error: execve(): Results: Permission denied
slurmstepd: error: execve(): Results: Permission denied
slurmstepd: error: execve(): Results: Permission denied
slurmstepd: error: execve(): Results: Permission denied
slurmstepd: error: execve(): Results: Permission denied
slurmstepd: error: execve(): Results: Permission denied
slurmstepd: error: execve(): Results: Permission denied
slurmstepd: error: execve(): Results: Permission denied
slurmstepd: error: execve(): Results: Permission denied
slurmstepd: error: execve(): Results: Permission denied
slurmstepd: error: execve(): Results: Permission denied
slurmstepd: error: execve(): Results: Permission denied
slurmstepd: error: execve(): Results: Permission denied
slurmstepd: error: execve(): Results: Permission denied
slurmstepd: error: execve(): Results: Permission denied
slurmstepd: error: execve(): Results: Permission denied
slurmstepd: error: execve(): Results: Permission denied
slurmstepd: error: execve(): Results: Permission denied
slurmstepd: error: execve(): Results: Permission denied
slurmstepd: error: execve(): Results: Permission denied
slurmstepd: error: execve(): Results: Permission denied
srun: error: o0205: tasks 1-3: Exited with exit code 13
srun: error: o0209: tasks 17-19: Exited with exit code 13
srun: error: o0210: tasks 21-23: Exited with exit code 13
srun: error: o0206: tasks 5-7: Exited with exit code 13
srun: error: o0212: tasks 29-31: Exited with exit code 13
srun: error: o0207: tasks 9-11: Exited with exit code 13
srun: error: o0211: tasks 25-27: Exited with exit code 13
srun: error: o0215: tasks 41-43: Exited with exit code 13
srun: error: o0208: tasks 13-15: Exited with exit code 13
srun: error: o0216: tasks 45-47: Exited with exit code 13
srun: error: o0214: tasks 37-39: Exited with exit code 13
srun: error: o0213: tasks 33-35: Exited with exit code 13
slurmstepd: error: execve(): Results: Permission denied
slurmstepd: error: execve(): Results: Permission denied
slurmstepd: error: execve(): Results: Permission denied
slurmstepd: error: execve(): Results: Permission denied
slurmstepd: error: execve(): Results: Permission denied
slurmstepd: error: execve(): Results: Permission denied
slurmstepd: error: execve(): Results: Permission denied
slurmstepd: error: execve(): Results: Permission denied
slurmstepd: error: execve(): Results: Permission denied
slurmstepd: error: execve(): Results: Permission denied
slurmstepd: error: execve(): Results: Permission denied
slurmstepd: error: execve(): Results: Permission denied
srun: error: o0210: task 20: Exited with exit code 13
srun: error: o0209: task 16: Exited with exit code 13
srun: error: o0205: task 0: Exited with exit code 13
srun: error: o0215: task 40: Exited with exit code 13
srun: error: o0206: task 4: Exited with exit code 13
srun: error: o0216: task 44: Exited with exit code 13
srun: error: o0207: task 8: Exited with exit code 13
srun: error: o0211: task 24: Exited with exit code 13
srun: error: o0214: task 36: Exited with exit code 13
srun: error: o0208: task 12: Exited with exit code 13
srun: error: o0212: task 28: Exited with exit code 13
srun: error: o0213: task 32: Exited with exit code 13
slurmstepd: error: execve(): Results: Permission denied
slurmstepd: error: execve(): Results: Permission denied
slurmstepd: error: execve(): Results: Permission denied
slurmstepd: error: execve(): Results: Permission denied
slurmstepd: error: execve(): Results: Permission denied
slurmstepd: error: execve(): Results: Permission denied
slurmstepd: error: execve(): Results: Permission denied
slurmstepd: error: execve(): Results: Permission denied
slurmstepd: error: execve(): Results: Permission denied
slurmstepd: error: execve(): Results: Permission denied
slurmstepd: error: execve(): Results: Permission denied
slurmstepd: error: execve(): Results: Permission denied
slurmstepd: error: execve(): Results: Permission denied
slurmstepd: error: execve(): Results: Permission denied
slurmstepd: error: execve(): Results: Permission denied
slurmstepd: error: execve(): Results: Permission denied
slurmstepd: error: execve(): Results: Permission denied
slurmstepd: error: execve(): Results: Permission denied
slurmstepd: error: execve(): Results: Permission denied
slurmstepd: error: execve(): Results: Permission denied
slurmstepd: error: execve(): Results: Permission denied
slurmstepd: error: execve(): Results: Permission denied
slurmstepd: error: execve(): Results: Permission denied
slurmstepd: error: execve(): Results: Permission denied
slurmstepd: error: execve(): Results: Permission denied
slurmstepd: error: execve(): Results: Permission denied
slurmstepd: error: execve(): Results: Permission denied
slurmstepd: error: execve(): Results: Permission denied
slurmstepd: error: execve(): Results: Permission denied
slurmstepd: error: execve(): Results: Permission denied
slurmstepd: error: execve(): Results: Permission denied
slurmstepd: error: execve(): Results: Permission denied
slurmstepd: error: execve(): Results: Permission denied
slurmstepd: error: execve(): Results: Permission denied
slurmstepd: error: execve(): Results: Permission denied
slurmstepd: error: execve(): Results: Permission denied
slurmstepd: error: execve(): Results: Permission denied
slurmstepd: error: execve(): Results: Permission denied
slurmstepd: error: execve(): Results: Permission denied
slurmstepd: error: execve(): Results: Permission denied
slurmstepd: error: execve(): Results: Permission denied
slurmstepd: error: execve(): Results: Permission denied
slurmstepd: error: execve(): Results: Permission denied
slurmstepd: error: execve(): Results: Permission denied
slurmstepd: error: execve(): Results: Permission denied
slurmstepd: error: execve(): Results: Permission denied
slurmstepd: error: execve(): Results: Permission denied
slurmstepd: error: execve(): Results: Permission denied
srun: error: o0209: tasks 21-24: Exited with exit code 13
srun: error: o0212: tasks 36-39: Exited with exit code 13
srun: error: o0216: tasks 56-59: Exited with exit code 13
srun: error: o0210: tasks 26-29: Exited with exit code 13
srun: error: o0208: tasks 16-19: Exited with exit code 13
srun: error: o0215: tasks 51-54: Exited with exit code 13
srun: error: o0214: tasks 46-49: Exited with exit code 13
srun: error: o0207: tasks 11-14: Exited with exit code 13
srun: error: o0205: tasks 1-4: Exited with exit code 13
srun: error: o0206: tasks 6-9: Exited with exit code 13
srun: error: o0213: tasks 41-44: Exited with exit code 13
slurmstepd: error: execve(): Results: Permission denied
slurmstepd: error: execve(): Results: Permission denied
srun: error: o0211: tasks 31-34: Exited with exit code 13
slurmstepd: error: execve(): Results: Permission denied
slurmstepd: error: execve(): Results: Permission denied
slurmstepd: error: execve(): Results: Permission denied
slurmstepd: error: execve(): Results: Permission denied
slurmstepd: error: execve(): Results: Permission denied
slurmstepd: error: execve(): Results: Permission denied
slurmstepd: error: execve(): Results: Permission denied
slurmstepd: error: execve(): Results: Permission denied
slurmstepd: error: execve(): Results: Permission denied
slurmstepd: error: execve(): Results: Permission denied
srun: error: o0210: task 25: Exited with exit code 13
srun: error: o0209: task 20: Exited with exit code 13
srun: error: o0205: task 0: Exited with exit code 13
srun: error: o0215: task 50: Exited with exit code 13
srun: error: o0212: task 35: Exited with exit code 13
srun: error: o0216: task 55: Exited with exit code 13
srun: error: o0206: task 5: Exited with exit code 13
srun: error: o0207: task 10: Exited with exit code 13
srun: error: o0208: task 15: Exited with exit code 13
srun: error: o0214: task 45: Exited with exit code 13
srun: error: o0213: task 40: Exited with exit code 13
srun: error: o0211: task 30: Exited with exit code 13
slurmstepd: error: execve(): Results: Permission denied
slurmstepd: error: execve(): Results: Permission denied
slurmstepd: error: execve(): Results: Permission denied
slurmstepd: error: execve(): Results: Permission denied
slurmstepd: error: execve(): Results: Permission denied
slurmstepd: error: execve(): Results: Permission denied
slurmstepd: error: execve(): Results: Permission denied
slurmstepd: error: execve(): Results: Permission denied
slurmstepd: error: execve(): Results: Permission denied
slurmstepd: error: execve(): Results: Permission denied
slurmstepd: error: execve(): Results: Permission denied
slurmstepd: error: execve(): Results: Permission denied
slurmstepd: error: execve(): Results: Permission denied
slurmstepd: error: execve(): Results: Permission denied
slurmstepd: error: execve(): Results: Permission denied
slurmstepd: error: execve(): Results: Permission denied
slurmstepd: error: execve(): Results: Permission denied
slurmstepd: error: execve(): Results: Permission denied
slurmstepd: error: execve(): Results: Permission denied
slurmstepd: error: execve(): Results: Permission denied
slurmstepd: error: execve(): Results: Permission denied
slurmstepd: error: execve(): Results: Permission denied
slurmstepd: error: execve(): Results: Permission denied
slurmstepd: error: execve(): Results: Permission denied
slurmstepd: error: execve(): Results: Permission denied
slurmstepd: error: execve(): Results: Permission denied
slurmstepd: error: execve(): Results: Permission denied
slurmstepd: error: execve(): Results: Permission denied
slurmstepd: error: execve(): Results: Permission denied
slurmstepd: error: execve(): Results: Permission denied
slurmstepd: error: execve(): Results: Permission denied
slurmstepd: error: execve(): Results: Permission denied
slurmstepd: error: execve(): Results: Permission denied
slurmstepd: error: execve(): Results: Permission denied
slurmstepd: error: execve(): Results: Permission denied
slurmstepd: error: execve(): Results: Permission denied
slurmstepd: error: execve(): Results: Permission denied
slurmstepd: error: execve(): Results: Permission denied
slurmstepd: error: execve(): Results: Permission denied
slurmstepd: error: execve(): Results: Permission denied
slurmstepd: error: execve(): Results: Permission denied
slurmstepd: error: execve(): Results: Permission denied
slurmstepd: error: execve(): Results: Permission denied
slurmstepd: error: execve(): Results: Permission denied
slurmstepd: error: execve(): Results: Permission denied
slurmstepd: error: execve(): Results: Permission denied
slurmstepd: error: execve(): Results: Permission denied
slurmstepd: error: execve(): Results: Permission denied
slurmstepd: error: execve(): Results: Permission denied
slurmstepd: error: execve(): Results: Permission denied
slurmstepd: error: execve(): Results: Permission denied
slurmstepd: error: execve(): Results: Permission denied
slurmstepd: error: execve(): Results: Permission denied
slurmstepd: error: execve(): Results: Permission denied
slurmstepd: error: execve(): Results: Permission denied
slurmstepd: error: execve(): Results: Permission denied
slurmstepd: error: execve(): Results: Permission denied
slurmstepd: error: execve(): Results: Permission denied
slurmstepd: error: execve(): Results: Permission denied
slurmstepd: error: execve(): Results: Permission denied
srun: error: o0209: tasks 25-29: Exited with exit code 13
srun: error: o0216: tasks 67-71: Exited with exit code 13
srun: error: o0210: tasks 31-35: Exited with exit code 13
srun: error: o0208: tasks 19-23: Exited with exit code 13
srun: error: o0212: tasks 43-47: Exited with exit code 13
srun: error: o0206: tasks 7-11: Exited with exit code 13
srun: error: o0215: tasks 61-65: Exited with exit code 13
srun: error: o0214: tasks 55-59: Exited with exit code 13
srun: error: o0205: tasks 1-5: Exited with exit code 13
slurmstepd: error: execve(): Results: Permission denied
slurmstepd: error: execve(): Results: Permission denied
srun: error: o0207: tasks 13-17: Exited with exit code 13
srun: error: o0213: tasks 49-53: Exited with exit code 13
slurmstepd: error: execve(): Results: Permission denied
slurmstepd: error: execve(): Results: Permission denied
srun: error: o0211: tasks 37-41: Exited with exit code 13
slurmstepd: error: execve(): Results: Permission denied
slurmstepd: error: execve(): Results: Permission denied
slurmstepd: error: execve(): Results: Permission denied
slurmstepd: error: execve(): Results: Permission denied
slurmstepd: error: execve(): Results: Permission denied
slurmstepd: error: execve(): Results: Permission denied
slurmstepd: error: execve(): Results: Permission denied
slurmstepd: error: execve(): Results: Permission denied
srun: error: o0210: task 30: Exited with exit code 13
srun: error: o0209: task 24: Exited with exit code 13
srun: error: o0216: task 66: Exited with exit code 13
srun: error: o0208: task 18: Exited with exit code 13
srun: error: o0212: task 42: Exited with exit code 13
srun: error: o0206: task 6: Exited with exit code 13
srun: error: o0205: task 0: Exited with exit code 13
srun: error: o0214: task 54: Exited with exit code 13
srun: error: o0215: task 60: Exited with exit code 13
srun: error: o0207: task 12: Exited with exit code 13
srun: error: o0213: task 48: Exited with exit code 13
srun: error: o0211: task 36: Exited with exit code 13
slurmstepd: error: execve(): Results: Permission denied
slurmstepd: error: execve(): Results: Permission denied
slurmstepd: error: execve(): Results: Permission denied
slurmstepd: error: execve(): Results: Permission denied
slurmstepd: error: execve(): Results: Permission denied
slurmstepd: error: execve(): Results: Permission denied
slurmstepd: error: execve(): Results: Permission denied
slurmstepd: error: execve(): Results: Permission denied
slurmstepd: error: execve(): Results: Permission denied
slurmstepd: error: execve(): Results: Permission denied
slurmstepd: error: execve(): Results: Permission denied
slurmstepd: error: execve(): Results: Permission denied
slurmstepd: error: execve(): Results: Permission denied
slurmstepd: error: execve(): Results: Permission denied
slurmstepd: error: execve(): Results: Permission denied
slurmstepd: error: execve(): Results: Permission denied
slurmstepd: error: execve(): Results: Permission denied
slurmstepd: error: execve(): Results: Permission denied
slurmstepd: error: execve(): Results: Permission denied
slurmstepd: error: execve(): Results: Permission denied
slurmstepd: error: execve(): Results: Permission denied
slurmstepd: error: execve(): Results: Permission denied
slurmstepd: error: execve(): Results: Permission denied
slurmstepd: error: execve(): Results: Permission denied
slurmstepd: error: execve(): Results: Permission denied
slurmstepd: error: execve(): Results: Permission denied
slurmstepd: error: execve(): Results: Permission denied
slurmstepd: error: execve(): Results: Permission denied
slurmstepd: error: execve(): Results: Permission denied
slurmstepd: error: execve(): Results: Permission denied
slurmstepd: error: execve(): Results: Permission denied
slurmstepd: error: execve(): Results: Permission denied
slurmstepd: error: execve(): Results: Permission denied
slurmstepd: error: execve(): Results: Permission denied
slurmstepd: error: execve(): Results: Permission denied
slurmstepd: error: execve(): Results: Permission denied
slurmstepd: error: execve(): Results: Permission denied
slurmstepd: error: execve(): Results: Permission denied
slurmstepd: error: execve(): Results: Permission denied
slurmstepd: error: execve(): Results: Permission denied
slurmstepd: error: execve(): Results: Permission denied
slurmstepd: error: execve(): Results: Permission denied
slurmstepd: error: execve(): Results: Permission denied
slurmstepd: error: execve(): Results: Permission denied
slurmstepd: error: execve(): Results: Permission denied
slurmstepd: error: execve(): Results: Permission denied
slurmstepd: error: execve(): Results: Permission denied
slurmstepd: error: execve(): Results: Permission denied
slurmstepd: error: execve(): Results: Permission denied
slurmstepd: error: execve(): Results: Permission denied
slurmstepd: error: execve(): Results: Permission denied
slurmstepd: error: execve(): Results: Permission denied
slurmstepd: error: execve(): Results: Permission denied
slurmstepd: error: execve(): Results: Permission denied
slurmstepd: error: execve(): Results: Permission denied
slurmstepd: error: execve(): Results: Permission denied
slurmstepd: error: execve(): Results: Permission denied
slurmstepd: error: execve(): Results: Permission denied
slurmstepd: error: execve(): Results: Permission denied
slurmstepd: error: execve(): Results: Permission denied
slurmstepd: error: execve(): Results: Permission denied
slurmstepd: error: execve(): Results: Permission denied
slurmstepd: error: execve(): Results: Permission denied
slurmstepd: error: execve(): Results: Permission denied
slurmstepd: error: execve(): Results: Permission denied
slurmstepd: error: execve(): Results: Permission denied
slurmstepd: error: execve(): Results: Permission denied
slurmstepd: error: execve(): Results: Permission denied
slurmstepd: error: execve(): Results: Permission denied
slurmstepd: error: execve(): Results: Permission denied
slurmstepd: error: execve(): Results: Permission denied
slurmstepd: error: execve(): Results: Permission denied
slurmstepd: error: execve(): Results: Permission denied
srun: error: o0205: tasks 1-6: Exited with exit code 13
srun: error: o0213: tasks 57-62: Exited with exit code 13
srun: error: o0214: tasks 64-69: Exited with exit code 13
srun: error: o0206: tasks 8-13: Exited with exit code 13
srun: error: o0212: tasks 50-55: Exited with exit code 13
srun: error: o0208: tasks 22-27: Exited with exit code 13
srun: error: o0216: tasks 78-83: Exited with exit code 13
slurmstepd: error: execve(): Results: Permission denied
srun: error: o0210: tasks 36-41: Exited with exit code 13
slurmstepd: error: execve(): Results: Permission denied
srun: error: o0209: tasks 29-34: Exited with exit code 13
slurmstepd: error: execve(): Results: Permission denied
slurmstepd: error: execve(): Results: Permission denied
srun: error: o0211: tasks 43-48: Exited with exit code 13
slurmstepd: error: execve(): Results: Permission denied
slurmstepd: error: execve(): Results: Permission denied
slurmstepd: error: execve(): Results: Permission denied
slurmstepd: error: execve(): Results: Permission denied
slurmstepd: error: execve(): Results: Permission denied
slurmstepd: error: execve(): Results: Permission denied
slurmstepd: error: execve(): Results: Permission denied
srun: error: o0215: tasks 70-76: Exited with exit code 13
srun: error: o0213: task 56: Exited with exit code 13
srun: error: o0205: task 0: Exited with exit code 13
srun: error: o0206: task 7: Exited with exit code 13
srun: error: o0214: task 63: Exited with exit code 13
srun: error: o0210: task 35: Exited with exit code 13
srun: error: o0209: task 28: Exited with exit code 13
srun: error: o0216: task 77: Exited with exit code 13
srun: error: o0208: task 21: Exited with exit code 13
srun: error: o0211: task 42: Exited with exit code 13
srun: error: o0212: task 49: Exited with exit code 13
srun: error: o0207: tasks 14-20: Exited with exit code 13
slurmstepd: error: execve(): Results: Permission denied
slurmstepd: error: execve(): Results: Permission denied
slurmstepd: error: execve(): Results: Permission denied
slurmstepd: error: execve(): Results: Permission denied
slurmstepd: error: execve(): Results: Permission denied
slurmstepd: error: execve(): Results: Permission denied
slurmstepd: error: execve(): Results: Permission denied
slurmstepd: error: execve(): Results: Permission denied
slurmstepd: error: execve(): Results: Permission denied
slurmstepd: error: execve(): Results: Permission denied
slurmstepd: error: execve(): Results: Permission denied
slurmstepd: error: execve(): Results: Permission denied
slurmstepd: error: execve(): Results: Permission denied
slurmstepd: error: execve(): Results: Permission denied
slurmstepd: error: execve(): Results: Permission denied
slurmstepd: error: execve(): Results: Permission denied
slurmstepd: error: execve(): Results: Permission denied
slurmstepd: error: execve(): Results: Permission denied
slurmstepd: error: execve(): Results: Permission denied
slurmstepd: error: execve(): Results: Permission denied
slurmstepd: error: execve(): Results: Permission denied
slurmstepd: error: execve(): Results: Permission denied
slurmstepd: error: execve(): Results: Permission denied
slurmstepd: error: execve(): Results: Permission denied
slurmstepd: error: execve(): Results: Permission denied
slurmstepd: error: execve(): Results: Permission denied
slurmstepd: error: execve(): Results: Permission denied
slurmstepd: error: execve(): Results: Permission denied
slurmstepd: error: execve(): Results: Permission denied
slurmstepd: error: execve(): Results: Permission denied
slurmstepd: error: execve(): Results: Permission denied
slurmstepd: error: execve(): Results: Permission denied
slurmstepd: error: execve(): Results: Permission denied
slurmstepd: error: execve(): Results: Permission denied
slurmstepd: error: execve(): Results: Permission denied
slurmstepd: error: execve(): Results: Permission denied
slurmstepd: error: execve(): Results: Permission denied
slurmstepd: error: execve(): Results: Permission denied
slurmstepd: error: execve(): Results: Permission denied
slurmstepd: error: execve(): Results: Permission denied
slurmstepd: error: execve(): Results: Permission denied
slurmstepd: error: execve(): Results: Permission denied
slurmstepd: error: execve(): Results: Permission denied
slurmstepd: error: execve(): Results: Permission denied
slurmstepd: error: execve(): Results: Permission denied
slurmstepd: error: execve(): Results: Permission denied
slurmstepd: error: execve(): Results: Permission denied
slurmstepd: error: execve(): Results: Permission denied
slurmstepd: error: execve(): Results: Permission denied
slurmstepd: error: execve(): Results: Permission denied
slurmstepd: error: execve(): Results: Permission denied
slurmstepd: error: execve(): Results: Permission denied
slurmstepd: error: execve(): Results: Permission denied
slurmstepd: error: execve(): Results: Permission denied
slurmstepd: error: execve(): Results: Permission denied
slurmstepd: error: execve(): Results: Permission denied
slurmstepd: error: execve(): Results: Permission denied
slurmstepd: error: execve(): Results: Permission denied
slurmstepd: error: execve(): Results: Permission denied
slurmstepd: error: execve(): Results: Permission denied
slurmstepd: error: execve(): Results: Permission denied
slurmstepd: error: execve(): Results: Permission denied
slurmstepd: error: execve(): Results: Permission denied
slurmstepd: error: execve(): Results: Permission denied
slurmstepd: error: execve(): Results: Permission denied
slurmstepd: error: execve(): Results: Permission denied
slurmstepd: error: execve(): Results: Permission denied
slurmstepd: error: execve(): Results: Permission denied
slurmstepd: error: execve(): Results: Permission denied
slurmstepd: error: execve(): Results: Permission denied
slurmstepd: error: execve(): Results: Permission denied
slurmstepd: error: execve(): Results: Permission denied
slurmstepd: error: execve(): Results: Permission denied
slurmstepd: error: execve(): Results: Permission denied
slurmstepd: error: execve(): Results: Permission denied
slurmstepd: error: execve(): Results: Permission denied
slurmstepd: error: execve(): Results: Permission denied
slurmstepd: error: execve(): Results: Permission denied
slurmstepd: error: execve(): Results: Permission denied
slurmstepd: error: execve(): Results: Permission denied
slurmstepd: error: execve(): Results: Permission denied
slurmstepd: error: execve(): Results: Permission denied
slurmstepd: error: execve(): Results: Permission denied
slurmstepd: error: execve(): Results: Permission denied
srun: error: o0214: tasks 73-79: Exited with exit code 13
slurmstepd: error: execve(): Results: Permission denied
srun: error: o0208: tasks 25-31: Exited with exit code 13
slurmstepd: error: execve(): Results: Permission denied
slurmstepd: error: execve(): Results: Permission denied
slurmstepd: error: execve(): Results: Permission denied
srun: error: o0207: tasks 17-23: Exited with exit code 13
slurmstepd: error: execve(): Results: Permission denied
srun: error: o0216: tasks 89-95: Exited with exit code 13
slurmstepd: error: execve(): Results: Permission denied
srun: error: o0210: tasks 41-47: Exited with exit code 13
srun: error: o0209: tasks 33-39: Exited with exit code 13
srun: error: o0211: tasks 49-55: Exited with exit code 13
srun: error: o0206: tasks 9-15: Exited with exit code 13
slurmstepd: error: execve(): Results: Permission denied
slurmstepd: error: execve(): Results: Permission denied
slurmstepd: error: execve(): Results: Permission denied
srun: error: o0205: tasks 1-7: Exited with exit code 13
slurmstepd: error: execve(): Results: Permission denied
slurmstepd: error: execve(): Results: Permission denied
srun: error: o0213: tasks 65-71: Exited with exit code 13
slurmstepd: error: execve(): Results: Permission denied
srun: error: o0208: task 24: Exited with exit code 13
srun: error: o0214: task 72: Exited with exit code 13
srun: error: o0212: tasks 56-63: Exited with exit code 13
srun: error: o0209: task 32: Exited with exit code 13
srun: error: o0210: task 40: Exited with exit code 13
srun: error: o0215: tasks 80-87: Exited with exit code 13
srun: error: o0205: task 0: Exited with exit code 13
srun: error: o0207: task 16: Exited with exit code 13
srun: error: o0211: task 48: Exited with exit code 13
srun: error: o0206: task 8: Exited with exit code 13
srun: error: o0216: task 88: Exited with exit code 13
srun: error: o0213: task 64: Exited with exit code 13
slurmstepd: error: execve(): Results: Permission denied
slurmstepd: error: execve(): Results: Permission denied
slurmstepd: error: execve(): Results: Permission denied
slurmstepd: error: execve(): Results: Permission denied
slurmstepd: error: execve(): Results: Permission denied
slurmstepd: error: execve(): Results: Permission denied
slurmstepd: error: execve(): Results: Permission denied
slurmstepd: error: execve(): Results: Permission denied
slurmstepd: error: execve(): Results: Permission denied
slurmstepd: error: execve(): Results: Permission denied
slurmstepd: error: execve(): Results: Permission denied
slurmstepd: error: execve(): Results: Permission denied
slurmstepd: error: execve(): Results: Permission denied
slurmstepd: error: execve(): Results: Permission denied
slurmstepd: error: execve(): Results: Permission denied
slurmstepd: error: execve(): Results: Permission denied
slurmstepd: error: execve(): Results: Permission denied
slurmstepd: error: execve(): Results: Permission denied
slurmstepd: error: execve(): Results: Permission denied
slurmstepd: error: execve(): Results: Permission denied
slurmstepd: error: execve(): Results: Permission denied
slurmstepd: error: execve(): Results: Permission denied
slurmstepd: error: execve(): Results: Permission denied
slurmstepd: error: execve(): Results: Permission denied
slurmstepd: error: execve(): Results: Permission denied
slurmstepd: error: execve(): Results: Permission denied
slurmstepd: error: execve(): Results: Permission denied
slurmstepd: error: execve(): Results: Permission denied
slurmstepd: error: execve(): Results: Permission denied
slurmstepd: error: execve(): Results: Permission denied
slurmstepd: error: execve(): Results: Permission denied
slurmstepd: error: execve(): Results: Permission denied
slurmstepd: error: execve(): Results: Permission denied
slurmstepd: error: execve(): Results: Permission denied
slurmstepd: error: execve(): Results: Permission denied
slurmstepd: error: execve(): Results: Permission denied
slurmstepd: error: execve(): Results: Permission denied
slurmstepd: error: execve(): Results: Permission denied
slurmstepd: error: execve(): Results: Permission denied
slurmstepd: error: execve(): Results: Permission denied
slurmstepd: error: execve(): Results: Permission denied
slurmstepd: error: execve(): Results: Permission denied
slurmstepd: error: execve(): Results: Permission denied
slurmstepd: error: execve(): Results: Permission denied
slurmstepd: error: execve(): Results: Permission denied
slurmstepd: error: execve(): Results: Permission denied
slurmstepd: error: execve(): Results: Permission denied
slurmstepd: error: execve(): Results: Permission denied
slurmstepd: error: execve(): Results: Permission denied
slurmstepd: error: execve(): Results: Permission denied
slurmstepd: error: execve(): Results: Permission denied
slurmstepd: error: execve(): Results: Permission denied
slurmstepd: error: execve(): Results: Permission denied
slurmstepd: error: execve(): Results: Permission denied
slurmstepd: error: execve(): Results: Permission denied
slurmstepd: error: execve(): Results: Permission denied
slurmstepd: error: execve(): Results: Permission denied
slurmstepd: error: execve(): Results: Permission denied
slurmstepd: error: execve(): Results: Permission denied
slurmstepd: error: execve(): Results: Permission denied
slurmstepd: error: execve(): Results: Permission denied
slurmstepd: error: execve(): Results: Permission denied
slurmstepd: error: execve(): Results: Permission denied
slurmstepd: error: execve(): Results: Permission denied
slurmstepd: error: execve(): Results: Permission denied
slurmstepd: error: execve(): Results: Permission denied
slurmstepd: error: execve(): Results: Permission denied
slurmstepd: error: execve(): Results: Permission denied
slurmstepd: error: execve(): Results: Permission denied
slurmstepd: error: execve(): Results: Permission denied
slurmstepd: error: execve(): Results: Permission denied
slurmstepd: error: execve(): Results: Permission denied
slurmstepd: error: execve(): Results: Permission denied
slurmstepd: error: execve(): Results: Permission denied
slurmstepd: error: execve(): Results: Permission denied
slurmstepd: error: execve(): Results: Permission denied
slurmstepd: error: execve(): Results: Permission denied
slurmstepd: error: execve(): Results: Permission denied
slurmstepd: error: execve(): Results: Permission denied
slurmstepd: error: execve(): Results: Permission denied
slurmstepd: error: execve(): Results: Permission denied
slurmstepd: error: execve(): Results: Permission denied
slurmstepd: error: execve(): Results: Permission denied
slurmstepd: error: execve(): Results: Permission denied
slurmstepd: error: execve(): Results: Permission denied
slurmstepd: error: execve(): Results: Permission denied
slurmstepd: error: execve(): Results: Permission denied
slurmstepd: error: execve(): Results: Permission denied
slurmstepd: error: execve(): Results: Permission denied
slurmstepd: error: execve(): Results: Permission denied
slurmstepd: error: execve(): Results: Permission denied
slurmstepd: error: execve(): Results: Permission denied
slurmstepd: error: execve(): Results: Permission denied
slurmstepd: error: execve(): Results: Permission denied
slurmstepd: error: execve(): Results: Permission denied
slurmstepd: error: execve(): Results: Permission denied
slurmstepd: error: execve(): Results: Permission denied
slurmstepd: error: execve(): Results: Permission denied
slurmstepd: error: execve(): Results: Permission denied
slurmstepd: error: execve(): Results: Permission denied
slurmstepd: error: execve(): Results: Permission denied
slurmstepd: error: execve(): Results: Permission denied
slurmstepd: error: execve(): Results: Permission denied
slurmstepd: error: execve(): Results: Permission denied
slurmstepd: error: execve(): Results: Permission denied
srun: error: o0215: tasks 91-98: Exited with exit code 13
slurmstepd: error: execve(): Results: Permission denied
slurmstepd: error: execve(): Results: Permission denied
slurmstepd: error: execve(): Results: Permission denied
srun: error: o0205: tasks 0-8: Exited with exit code 13
srun: error: o0212: tasks 63-71: Exited with exit code 13
srun: error: o0207: tasks 18-26: Exited with exit code 13
srun: error: o0215: task 90: Exited with exit code 13
srun: error: o0208: tasks 27-35: Exited with exit code 13
srun: error: o0209: tasks 36-44: Exited with exit code 13
srun: error: o0214: tasks 81-89: Exited with exit code 13
srun: error: o0206: tasks 9-17: Exited with exit code 13
srun: error: o0210: tasks 45-53: Exited with exit code 13
srun: error: o0216: tasks 99-107: Exited with exit code 13
srun: error: o0211: tasks 54-62: Exited with exit code 13
srun: error: o0213: tasks 72-80: Exited with exit code 13
slurmstepd: error: execve(): Results: Permission denied
slurmstepd: error: execve(): Results: Permission denied
slurmstepd: error: execve(): Results: Permission denied
slurmstepd: error: execve(): Results: Permission denied
slurmstepd: error: execve(): Results: Permission denied
slurmstepd: error: execve(): Results: Permission denied
slurmstepd: error: execve(): Results: Permission denied
slurmstepd: error: execve(): Results: Permission denied
slurmstepd: error: execve(): Results: Permission denied
slurmstepd: error: execve(): Results: Permission denied
slurmstepd: error: execve(): Results: Permission denied
slurmstepd: error: execve(): Results: Permission denied
slurmstepd: error: execve(): Results: Permission denied
slurmstepd: error: execve(): Results: Permission denied
slurmstepd: error: execve(): Results: Permission denied
slurmstepd: error: execve(): Results: Permission denied
slurmstepd: error: execve(): Results: Permission denied
slurmstepd: error: execve(): Results: Permission denied
slurmstepd: error: execve(): Results: Permission denied
slurmstepd: error: execve(): Results: Permission denied
slurmstepd: error: execve(): Results: Permission denied
slurmstepd: error: execve(): Results: Permission denied
slurmstepd: error: execve(): Results: Permission denied
slurmstepd: error: execve(): Results: Permission denied
slurmstepd: error: execve(): Results: Permission denied
slurmstepd: error: execve(): Results: Permission denied
slurmstepd: error: execve(): Results: Permission denied
slurmstepd: error: execve(): Results: Permission denied
slurmstepd: error: execve(): Results: Permission denied
slurmstepd: error: execve(): Results: Permission denied
slurmstepd: error: execve(): Results: Permission denied
slurmstepd: error: execve(): Results: Permission denied
slurmstepd: error: execve(): Results: Permission denied
slurmstepd: error: execve(): Results: Permission denied
slurmstepd: error: execve(): Results: Permission denied
slurmstepd: error: execve(): Results: Permission denied
slurmstepd: error: execve(): Results: Permission denied
slurmstepd: error: execve(): Results: Permission denied
slurmstepd: error: execve(): Results: Permission denied
slurmstepd: error: execve(): Results: Permission denied
slurmstepd: error: execve(): Results: Permission denied
slurmstepd: error: execve(): Results: Permission denied
slurmstepd: error: execve(): Results: Permission denied
slurmstepd: error: execve(): Results: Permission denied
slurmstepd: error: execve(): Results: Permission denied
slurmstepd: error: execve(): Results: Permission denied
slurmstepd: error: execve(): Results: Permission denied
slurmstepd: error: execve(): Results: Permission denied
slurmstepd: error: execve(): Results: Permission denied
slurmstepd: error: execve(): Results: Permission denied
slurmstepd: error: execve(): Results: Permission denied
slurmstepd: error: execve(): Results: Permission denied
slurmstepd: error: execve(): Results: Permission denied
slurmstepd: error: execve(): Results: Permission denied
slurmstepd: error: execve(): Results: Permission denied
slurmstepd: error: execve(): Results: Permission denied
slurmstepd: error: execve(): Results: Permission denied
slurmstepd: error: execve(): Results: Permission denied
slurmstepd: error: execve(): Results: Permission denied
slurmstepd: error: execve(): Results: Permission denied
slurmstepd: error: execve(): Results: Permission denied
slurmstepd: error: execve(): Results: Permission denied
slurmstepd: error: execve(): Results: Permission denied
slurmstepd: error: execve(): Results: Permission denied
slurmstepd: error: execve(): Results: Permission denied
slurmstepd: error: execve(): Results: Permission denied
slurmstepd: error: execve(): Results: Permission denied
slurmstepd: error: execve(): Results: Permission denied
slurmstepd: error: execve(): Results: Permission denied
slurmstepd: error: execve(): Results: Permission denied
slurmstepd: error: execve(): Results: Permission denied
slurmstepd: error: execve(): Results: Permission denied
slurmstepd: error: execve(): Results: Permission denied
slurmstepd: error: execve(): Results: Permission denied
slurmstepd: error: execve(): Results: Permission denied
slurmstepd: error: execve(): Results: Permission denied
slurmstepd: error: execve(): Results: Permission denied
slurmstepd: error: execve(): Results: Permission denied
slurmstepd: error: execve(): Results: Permission denied
slurmstepd: error: execve(): Results: Permission denied
slurmstepd: error: execve(): Results: Permission denied
slurmstepd: error: execve(): Results: Permission denied
slurmstepd: error: execve(): Results: Permission denied
slurmstepd: error: execve(): Results: Permission denied
slurmstepd: error: execve(): Results: Permission denied
slurmstepd: error: execve(): Results: Permission denied
slurmstepd: error: execve(): Results: Permission denied
slurmstepd: error: execve(): Results: Permission denied
slurmstepd: error: execve(): Results: Permission denied
slurmstepd: error: execve(): Results: Permission denied
slurmstepd: error: execve(): Results: Permission denied
slurmstepd: error: execve(): Results: Permission denied
slurmstepd: error: execve(): Results: Permission denied
slurmstepd: error: execve(): Results: Permission denied
slurmstepd: error: execve(): Results: Permission denied
slurmstepd: error: execve(): Results: Permission denied
slurmstepd: error: execve(): Results: Permission denied
slurmstepd: error: execve(): Results: Permission denied
slurmstepd: error: execve(): Results: Permission denied
slurmstepd: error: execve(): Results: Permission denied
slurmstepd: error: execve(): Results: Permission denied
slurmstepd: error: execve(): Results: Permission denied
slurmstepd: error: execve(): Results: Permission denied
slurmstepd: error: execve(): Results: Permission denied
slurmstepd: error: execve(): Results: Permission denied
slurmstepd: error: execve(): Results: Permission denied
slurmstepd: error: execve(): Results: Permission denied
slurmstepd: error: execve(): Results: Permission denied
slurmstepd: error: execve(): Results: Permission denied
slurmstepd: error: execve(): Results: Permission denied
slurmstepd: error: execve(): Results: Permission denied
slurmstepd: error: execve(): Results: Permission denied
slurmstepd: error: execve(): Results: Permission denied
slurmstepd: error: execve(): Results: Permission denied
slurmstepd: error: execve(): Results: Permission denied
slurmstepd: error: execve(): Results: Permission denied
slurmstepd: error: execve(): Results: Permission denied
slurmstepd: error: execve(): Results: Permission denied
slurmstepd: error: execve(): Results: Permission denied
slurmstepd: error: execve(): Results: Permission denied
srun: error: o0205: tasks 0-9: Exited with exit code 13
srun: error: o0213: tasks 80-89: Exited with exit code 13
srun: error: o0206: tasks 10-19: Exited with exit code 13
srun: error: o0214: tasks 90-99: Exited with exit code 13
srun: error: o0212: tasks 70-79: Exited with exit code 13
srun: error: o0207: tasks 20-29: Exited with exit code 13
srun: error: o0210: tasks 50-59: Exited with exit code 13
srun: error: o0215: tasks 100-109: Exited with exit code 13
srun: error: o0209: tasks 40-49: Exited with exit code 13
srun: error: o0211: tasks 60-69: Exited with exit code 13
srun: error: o0208: tasks 30-39: Exited with exit code 13
srun: error: o0216: tasks 110-119: Exited with exit code 13
slurmstepd: error: execve(): Results: Permission denied
slurmstepd: error: execve(): Results: Permission denied
slurmstepd: error: execve(): Results: Permission denied
slurmstepd: error: execve(): Results: Permission denied
slurmstepd: error: execve(): Results: Permission denied
slurmstepd: error: execve(): Results: Permission denied
slurmstepd: error: execve(): Results: Permission denied
slurmstepd: error: execve(): Results: Permission denied
slurmstepd: error: execve(): Results: Permission denied
slurmstepd: error: execve(): Results: Permission denied
slurmstepd: error: execve(): Results: Permission denied
slurmstepd: error: execve(): Results: Permission denied
slurmstepd: error: execve(): Results: Permission denied
slurmstepd: error: execve(): Results: Permission denied
slurmstepd: error: execve(): Results: Permission denied
slurmstepd: error: execve(): Results: Permission denied
slurmstepd: error: execve(): Results: Permission denied
slurmstepd: error: execve(): Results: Permission denied
slurmstepd: error: execve(): Results: Permission denied
slurmstepd: error: execve(): Results: Permission denied
slurmstepd: error: execve(): Results: Permission denied
slurmstepd: error: execve(): Results: Permission denied
slurmstepd: error: execve(): Results: Permission denied
slurmstepd: error: execve(): Results: Permission denied
slurmstepd: error: execve(): Results: Permission denied
slurmstepd: error: execve(): Results: Permission denied
slurmstepd: error: execve(): Results: Permission denied
slurmstepd: error: execve(): Results: Permission denied
slurmstepd: error: execve(): Results: Permission denied
slurmstepd: error: execve(): Results: Permission denied
slurmstepd: error: execve(): Results: Permission denied
slurmstepd: error: execve(): Results: Permission denied
slurmstepd: error: execve(): Results: Permission denied
slurmstepd: error: execve(): Results: Permission denied
slurmstepd: error: execve(): Results: Permission denied
slurmstepd: error: execve(): Results: Permission denied
slurmstepd: error: execve(): Results: Permission denied
slurmstepd: error: execve(): Results: Permission denied
slurmstepd: error: execve(): Results: Permission denied
slurmstepd: error: execve(): Results: Permission denied
slurmstepd: error: execve(): Results: Permission denied
slurmstepd: error: execve(): Results: Permission denied
slurmstepd: error: execve(): Results: Permission denied
slurmstepd: error: execve(): Results: Permission denied
slurmstepd: error: execve(): Results: Permission denied
slurmstepd: error: execve(): Results: Permission denied
slurmstepd: error: execve(): Results: Permission denied
slurmstepd: error: execve(): Results: Permission denied
slurmstepd: error: execve(): Results: Permission denied
slurmstepd: error: execve(): Results: Permission denied
slurmstepd: error: execve(): Results: Permission denied
slurmstepd: error: execve(): Results: Permission denied
slurmstepd: error: execve(): Results: Permission denied
slurmstepd: error: execve(): Results: Permission denied
slurmstepd: error: execve(): Results: Permission denied
slurmstepd: error: execve(): Results: Permission denied
slurmstepd: error: execve(): Results: Permission denied
slurmstepd: error: execve(): Results: Permission denied
slurmstepd: error: execve(): Results: Permission denied
slurmstepd: error: execve(): Results: Permission denied
slurmstepd: error: execve(): Results: Permission denied
slurmstepd: error: execve(): Results: Permission denied
slurmstepd: error: execve(): Results: Permission denied
slurmstepd: error: execve(): Results: Permission denied
slurmstepd: error: execve(): Results: Permission denied
slurmstepd: error: execve(): Results: Permission denied
slurmstepd: error: execve(): Results: Permission denied
slurmstepd: error: execve(): Results: Permission denied
slurmstepd: error: execve(): Results: Permission denied
slurmstepd: error: execve(): Results: Permission denied
slurmstepd: error: execve(): Results: Permission denied
slurmstepd: error: execve(): Results: Permission denied
slurmstepd: error: execve(): Results: Permission denied
slurmstepd: error: execve(): Results: Permission denied
slurmstepd: error: execve(): Results: Permission denied
slurmstepd: error: execve(): Results: Permission denied
slurmstepd: error: execve(): Results: Permission denied
slurmstepd: error: execve(): Results: Permission denied
slurmstepd: error: execve(): Results: Permission denied
slurmstepd: error: execve(): Results: Permission denied
slurmstepd: error: execve(): Results: Permission denied
slurmstepd: error: execve(): Results: Permission denied
slurmstepd: error: execve(): Results: Permission denied
slurmstepd: error: execve(): Results: Permission denied
slurmstepd: error: execve(): Results: Permission denied
slurmstepd: error: execve(): Results: Permission denied
slurmstepd: error: execve(): Results: Permission denied
slurmstepd: error: execve(): Results: Permission denied
slurmstepd: error: execve(): Results: Permission denied
slurmstepd: error: execve(): Results: Permission denied
slurmstepd: error: execve(): Results: Permission denied
slurmstepd: error: execve(): Results: Permission denied
slurmstepd: error: execve(): Results: Permission denied
slurmstepd: error: execve(): Results: Permission denied
slurmstepd: error: execve(): Results: Permission denied
slurmstepd: error: execve(): Results: Permission denied
slurmstepd: error: execve(): Results: Permission denied
slurmstepd: error: execve(): Results: Permission denied
slurmstepd: error: execve(): Results: Permission denied
slurmstepd: error: execve(): Results: Permission denied
slurmstepd: error: execve(): Results: Permission denied
slurmstepd: error: execve(): Results: Permission denied
slurmstepd: error: execve(): Results: Permission denied
slurmstepd: error: execve(): Results: Permission denied
slurmstepd: error: execve(): Results: Permission denied
slurmstepd: error: execve(): Results: Permission denied
slurmstepd: error: execve(): Results: Permission denied
slurmstepd: error: execve(): Results: Permission denied
slurmstepd: error: execve(): Results: Permission denied
slurmstepd: error: execve(): Results: Permission denied
slurmstepd: error: execve(): Results: Permission denied
slurmstepd: error: execve(): Results: Permission denied
slurmstepd: error: execve(): Results: Permission denied
slurmstepd: error: execve(): Results: Permission denied
slurmstepd: error: execve(): Results: Permission denied
slurmstepd: error: execve(): Results: Permission denied
slurmstepd: error: execve(): Results: Permission denied
slurmstepd: error: execve(): Results: Permission denied
slurmstepd: error: execve(): Results: Permission denied
slurmstepd: error: execve(): Results: Permission denied
slurmstepd: error: execve(): Results: Permission denied
slurmstepd: error: execve(): Results: Permission denied
slurmstepd: error: execve(): Results: Permission denied
slurmstepd: error: execve(): Results: Permission denied
slurmstepd: error: execve(): Results: Permission denied
slurmstepd: error: execve(): Results: Permission denied
slurmstepd: error: execve(): Results: Permission denied
slurmstepd: error: execve(): Results: Permission denied
slurmstepd: error: execve(): Results: Permission denied
slurmstepd: error: execve(): Results: Permission denied
slurmstepd: error: execve(): Results: Permission denied
slurmstepd: error: execve(): Results: Permission denied
srun: error: o0214: tasks 99-109: Exited with exit code 13
srun: error: o0207: tasks 22-32: Exited with exit code 13
srun: error: o0213: tasks 88-98: Exited with exit code 13
srun: error: o0215: tasks 110-120: Exited with exit code 13
srun: error: o0212: tasks 77-87: Exited with exit code 13
srun: error: o0205: tasks 0-10: Exited with exit code 13
srun: error: o0209: tasks 44-54: Exited with exit code 13
srun: error: o0216: tasks 121-131: Exited with exit code 13
srun: error: o0206: tasks 11-21: Exited with exit code 13
srun: error: o0208: tasks 33-43: Exited with exit code 13
srun: error: o0211: tasks 66-76: Exited with exit code 13
srun: error: o0210: tasks 55-65: Exited with exit code 13
slurmstepd: error: execve(): Results: Permission denied
slurmstepd: error: execve(): Results: Permission denied
slurmstepd: error: execve(): Results: Permission denied
slurmstepd: error: execve(): Results: Permission denied
slurmstepd: error: execve(): Results: Permission denied
slurmstepd: error: execve(): Results: Permission denied
slurmstepd: error: execve(): Results: Permission denied
slurmstepd: error: execve(): Results: Permission denied
slurmstepd: error: execve(): Results: Permission denied
slurmstepd: error: execve(): Results: Permission denied
slurmstepd: error: execve(): Results: Permission denied
slurmstepd: error: execve(): Results: Permission denied
slurmstepd: error: execve(): Results: Permission denied
slurmstepd: error: execve(): Results: Permission denied
slurmstepd: error: execve(): Results: Permission denied
slurmstepd: error: execve(): Results: Permission denied
slurmstepd: error: execve(): Results: Permission denied
slurmstepd: error: execve(): Results: Permission denied
slurmstepd: error: execve(): Results: Permission denied
slurmstepd: error: execve(): Results: Permission denied
slurmstepd: error: execve(): Results: Permission denied
slurmstepd: error: execve(): Results: Permission denied
slurmstepd: error: execve(): Results: Permission denied
slurmstepd: error: execve(): Results: Permission denied
slurmstepd: error: execve(): Results: Permission denied
slurmstepd: error: execve(): Results: Permission denied
slurmstepd: error: execve(): Results: Permission denied
slurmstepd: error: execve(): Results: Permission denied
slurmstepd: error: execve(): Results: Permission denied
slurmstepd: error: execve(): Results: Permission denied
slurmstepd: error: execve(): Results: Permission denied
slurmstepd: error: execve(): Results: Permission denied
slurmstepd: error: execve(): Results: Permission denied
slurmstepd: error: execve(): Results: Permission denied
slurmstepd: error: execve(): Results: Permission denied
slurmstepd: error: execve(): Results: Permission denied
slurmstepd: error: execve(): Results: Permission denied
slurmstepd: error: execve(): Results: Permission denied
slurmstepd: error: execve(): Results: Permission denied
slurmstepd: error: execve(): Results: Permission denied
slurmstepd: error: execve(): Results: Permission denied
slurmstepd: error: execve(): Results: Permission denied
slurmstepd: error: execve(): Results: Permission denied
slurmstepd: error: execve(): Results: Permission denied
slurmstepd: error: execve(): Results: Permission denied
slurmstepd: error: execve(): Results: Permission denied
slurmstepd: error: execve(): Results: Permission denied
slurmstepd: error: execve(): Results: Permission denied
slurmstepd: error: execve(): Results: Permission denied
slurmstepd: error: execve(): Results: Permission denied
slurmstepd: error: execve(): Results: Permission denied
slurmstepd: error: execve(): Results: Permission denied
slurmstepd: error: execve(): Results: Permission denied
slurmstepd: error: execve(): Results: Permission denied
slurmstepd: error: execve(): Results: Permission denied
slurmstepd: error: execve(): Results: Permission denied
slurmstepd: error: execve(): Results: Permission denied
slurmstepd: error: execve(): Results: Permission denied
slurmstepd: error: execve(): Results: Permission denied
slurmstepd: error: execve(): Results: Permission denied
slurmstepd: error: execve(): Results: Permission denied
slurmstepd: error: execve(): Results: Permission denied
slurmstepd: error: execve(): Results: Permission denied
slurmstepd: error: execve(): Results: Permission denied
slurmstepd: error: execve(): Results: Permission denied
slurmstepd: error: execve(): Results: Permission denied
slurmstepd: error: execve(): Results: Permission denied
slurmstepd: error: execve(): Results: Permission denied
slurmstepd: error: execve(): Results: Permission denied
slurmstepd: error: execve(): Results: Permission denied
slurmstepd: error: execve(): Results: Permission denied
slurmstepd: error: execve(): Results: Permission denied
slurmstepd: error: execve(): Results: Permission denied
slurmstepd: error: execve(): Results: Permission denied
slurmstepd: error: execve(): Results: Permission denied
slurmstepd: error: execve(): Results: Permission denied
slurmstepd: error: execve(): Results: Permission denied
slurmstepd: error: execve(): Results: Permission denied
slurmstepd: error: execve(): Results: Permission denied
slurmstepd: error: execve(): Results: Permission denied
slurmstepd: error: execve(): Results: Permission denied
slurmstepd: error: execve(): Results: Permission denied
slurmstepd: error: execve(): Results: Permission denied
slurmstepd: error: execve(): Results: Permission denied
slurmstepd: error: execve(): Results: Permission denied
slurmstepd: error: execve(): Results: Permission denied
slurmstepd: error: execve(): Results: Permission denied
slurmstepd: error: execve(): Results: Permission denied
slurmstepd: error: execve(): Results: Permission denied
slurmstepd: error: execve(): Results: Permission denied
slurmstepd: error: execve(): Results: Permission denied
slurmstepd: error: execve(): Results: Permission denied
slurmstepd: error: execve(): Results: Permission denied
slurmstepd: error: execve(): Results: Permission denied
slurmstepd: error: execve(): Results: Permission denied
slurmstepd: error: execve(): Results: Permission denied
slurmstepd: error: execve(): Results: Permission denied
slurmstepd: error: execve(): Results: Permission denied
slurmstepd: error: execve(): Results: Permission denied
slurmstepd: error: execve(): Results: Permission denied
slurmstepd: error: execve(): Results: Permission denied
slurmstepd: error: execve(): Results: Permission denied
slurmstepd: error: execve(): Results: Permission denied
slurmstepd: error: execve(): Results: Permission denied
slurmstepd: error: execve(): Results: Permission denied
slurmstepd: error: execve(): Results: Permission denied
slurmstepd: error: execve(): Results: Permission denied
slurmstepd: error: execve(): Results: Permission denied
slurmstepd: error: execve(): Results: Permission denied
slurmstepd: error: execve(): Results: Permission denied
slurmstepd: error: execve(): Results: Permission denied
slurmstepd: error: execve(): Results: Permission denied
slurmstepd: error: execve(): Results: Permission denied
slurmstepd: error: execve(): Results: Permission denied
slurmstepd: error: execve(): Results: Permission denied
slurmstepd: error: execve(): Results: Permission denied
slurmstepd: error: execve(): Results: Permission denied
slurmstepd: error: execve(): Results: Permission denied
slurmstepd: error: execve(): Results: Permission denied
slurmstepd: error: execve(): Results: Permission denied
slurmstepd: error: execve(): Results: Permission denied
slurmstepd: error: execve(): Results: Permission denied
slurmstepd: error: execve(): Results: Permission denied
slurmstepd: error: execve(): Results: Permission denied
slurmstepd: error: execve(): Results: Permission denied
slurmstepd: error: execve(): Results: Permission denied
slurmstepd: error: execve(): Results: Permission denied
slurmstepd: error: execve(): Results: Permission denied
slurmstepd: error: execve(): Results: Permission denied
slurmstepd: error: execve(): Results: Permission denied
slurmstepd: error: execve(): Results: Permission denied
slurmstepd: error: execve(): Results: Permission denied
slurmstepd: error: execve(): Results: Permission denied
slurmstepd: error: execve(): Results: Permission denied
slurmstepd: error: execve(): Results: Permission denied
slurmstepd: error: execve(): Results: Permission denied
slurmstepd: error: execve(): Results: Permission denied
slurmstepd: error: execve(): Results: Permission denied
slurmstepd: error: execve(): Results: Permission denied
slurmstepd: error: execve(): Results: Permission denied
slurmstepd: error: execve(): Results: Permission denied
slurmstepd: error: execve(): Results: Permission denied
slurmstepd: error: execve(): Results: Permission denied
slurmstepd: error: execve(): Results: Permission denied
srun: error: o0211: tasks 72-83: Exited with exit code 13
srun: error: o0214: tasks 108-119: Exited with exit code 13
srun: error: o0208: tasks 36-47: Exited with exit code 13
srun: error: o0212: tasks 84-95: Exited with exit code 13
srun: error: o0213: tasks 96-107: Exited with exit code 13
srun: error: o0207: tasks 24-35: Exited with exit code 13
srun: error: o0210: tasks 60-71: Exited with exit code 13
srun: error: o0215: tasks 120-131: Exited with exit code 13
srun: error: o0216: tasks 132-143: Exited with exit code 13
srun: error: o0205: tasks 0-11: Exited with exit code 13
srun: error: o0209: tasks 48-59: Exited with exit code 13
srun: error: o0206: tasks 12-23: Exited with exit code 13
