make: Nothing to be done for `all'.
slurmstepd: error: execve(): MPI: Permission denied
slurmstepd: error: execve(): MPI: Permission denied
slurmstepd: error: execve(): MPI: Permission denied
slurmstepd: error: execve(): MPI: Permission denied
slurmstepd: error: execve(): MPI: Permission denied
slurmstepd: error: execve(): MPI: Permission denied
slurmstepd: error: execve(): MPI: Permission denied
slurmstepd: error: execve(): MPI: Permission denied
slurmstepd: error: execve(): MPI: Permission denied
slurmstepd: error: execve(): MPI: Permission denied
slurmstepd: error: execve(): MPI: Permission denied
slurmstepd: error: execve(): MPI: Permission denied
srun: error: o0412: task 1: Exited with exit code 13
srun: error: o0411: task 0: Exited with exit code 13
srun: error: o0416: task 5: Exited with exit code 13
srun: error: o0418: task 7: Exited with exit code 13
srun: error: o0417: task 6: Exited with exit code 13
srun: error: o0419: task 8: Exited with exit code 13
srun: error: o0413: task 2: Exited with exit code 13
srun: error: o0415: task 4: Exited with exit code 13
srun: error: o0422: task 11: Exited with exit code 13
srun: error: o0420: task 9: Exited with exit code 13
srun: error: o0421: task 10: Exited with exit code 13
srun: error: o0414: task 3: Exited with exit code 13
slurmstepd: error: execve(): MPI: Permission denied
slurmstepd: error: execve(): MPI: Permission denied
slurmstepd: error: execve(): MPI: Permission denied
slurmstepd: error: execve(): MPI: Permission denied
slurmstepd: error: execve(): MPI: Permission denied
slurmstepd: error: execve(): MPI: Permission denied
slurmstepd: error: execve(): MPI: Permission denied
slurmstepd: error: execve(): MPI: Permission denied
slurmstepd: error: execve(): MPI: Permission denied
slurmstepd: error: execve(): MPI: Permission denied
slurmstepd: error: execve(): MPI: Permission denied
slurmstepd: error: execve(): MPI: Permission denied
srun: error: o0411: task 1: Exited with exit code 13
srun: error: o0420: task 19: Exited with exit code 13
srun: error: o0412: task 3: Exited with exit code 13
srun: error: o0418: task 15: Exited with exit code 13
srun: error: o0421: task 21: Exited with exit code 13
srun: error: o0416: task 11: Exited with exit code 13
srun: error: o0422: task 23: Exited with exit code 13
srun: error: o0417: task 13: Exited with exit code 13
srun: error: o0414: task 7: Exited with exit code 13
srun: error: o0415: task 9: Exited with exit code 13
slurmstepd: error: execve(): MPI: Permission denied
slurmstepd: error: execve(): MPI: Permission denied
slurmstepd: error: execve(): MPI: Permission denied
slurmstepd: error: execve(): MPI: Permission denied
slurmstepd: error: execve(): MPI: Permission denied
slurmstepd: error: execve(): MPI: Permission denied
slurmstepd: error: execve(): MPI: Permission denied
slurmstepd: error: execve(): MPI: Permission denied
slurmstepd: error: execve(): MPI: Permission denied
slurmstepd: error: execve(): MPI: Permission denied
srun: error: o0419: task 17: Exited with exit code 13
srun: error: o0413: task 5: Exited with exit code 13
slurmstepd: error: execve(): MPI: Permission denied
slurmstepd: error: execve(): MPI: Permission denied
srun: error: o0411: task 0: Exited with exit code 13
srun: error: o0416: task 10: Exited with exit code 13
srun: error: o0418: task 14: Exited with exit code 13
srun: error: o0421: task 20: Exited with exit code 13
srun: error: o0420: task 18: Exited with exit code 13
srun: error: o0412: task 2: Exited with exit code 13
srun: error: o0414: task 6: Exited with exit code 13
srun: error: o0422: task 22: Exited with exit code 13
srun: error: o0417: task 12: Exited with exit code 13
srun: error: o0415: task 8: Exited with exit code 13
srun: error: o0419: task 16: Exited with exit code 13
srun: error: o0413: task 4: Exited with exit code 13
slurmstepd: error: execve(): MPI: Permission denied
slurmstepd: error: execve(): MPI: Permission denied
slurmstepd: error: execve(): MPI: Permission denied
slurmstepd: error: execve(): MPI: Permission denied
slurmstepd: error: execve(): MPI: Permission denied
slurmstepd: error: execve(): MPI: Permission denied
slurmstepd: error: execve(): MPI: Permission denied
slurmstepd: error: execve(): MPI: Permission denied
slurmstepd: error: execve(): MPI: Permission denied
slurmstepd: error: execve(): MPI: Permission denied
slurmstepd: error: execve(): MPI: Permission denied
slurmstepd: error: execve(): MPI: Permission denied
slurmstepd: error: execve(): MPI: Permission denied
slurmstepd: error: execve(): MPI: Permission denied
slurmstepd: error: execve(): MPI: Permission denied
slurmstepd: error: execve(): MPI: Permission denied
slurmstepd: error: execve(): MPI: Permission denied
slurmstepd: error: execve(): MPI: Permission denied
slurmstepd: error: execve(): MPI: Permission denied
slurmstepd: error: execve(): MPI: Permission denied
slurmstepd: error: execve(): MPI: Permission denied
slurmstepd: error: execve(): MPI: Permission denied
slurmstepd: error: execve(): MPI: Permission denied
slurmstepd: error: execve(): MPI: Permission denied
srun: error: o0412: tasks 4-5: Exited with exit code 13
srun: error: o0416: tasks 16-17: Exited with exit code 13
srun: error: o0411: tasks 1-2: Exited with exit code 13
srun: error: o0417: tasks 19-20: Exited with exit code 13
srun: error: o0422: tasks 34-35: Exited with exit code 13
srun: error: o0413: tasks 7-8: Exited with exit code 13
srun: error: o0418: tasks 22-23: Exited with exit code 13
srun: error: o0420: tasks 28-29: Exited with exit code 13
srun: error: o0414: tasks 10-11: Exited with exit code 13
srun: error: o0419: tasks 25-26: Exited with exit code 13
srun: error: o0415: tasks 13-14: Exited with exit code 13
srun: error: o0421: tasks 31-32: Exited with exit code 13
slurmstepd: error: execve(): MPI: Permission denied
slurmstepd: error: execve(): MPI: Permission denied
slurmstepd: error: execve(): MPI: Permission denied
slurmstepd: error: execve(): MPI: Permission denied
slurmstepd: error: execve(): MPI: Permission denied
slurmstepd: error: execve(): MPI: Permission denied
slurmstepd: error: execve(): MPI: Permission denied
slurmstepd: error: execve(): MPI: Permission denied
slurmstepd: error: execve(): MPI: Permission denied
slurmstepd: error: execve(): MPI: Permission denied
slurmstepd: error: execve(): MPI: Permission denied
slurmstepd: error: execve(): MPI: Permission denied
srun: error: o0411: task 0: Exited with exit code 13
srun: error: o0416: task 15: Exited with exit code 13
srun: error: o0420: task 27: Exited with exit code 13
srun: error: o0417: task 18: Exited with exit code 13
srun: error: o0414: task 9: Exited with exit code 13
srun: error: o0412: task 3: Exited with exit code 13
srun: error: o0418: task 21: Exited with exit code 13
srun: error: o0415: task 12: Exited with exit code 13
srun: error: o0419: task 24: Exited with exit code 13
srun: error: o0413: task 6: Exited with exit code 13
srun: error: o0422: task 33: Exited with exit code 13
srun: error: o0421: task 30: Exited with exit code 13
slurmstepd: error: execve(): MPI: Permission denied
slurmstepd: error: execve(): MPI: Permission denied
slurmstepd: error: execve(): MPI: Permission denied
slurmstepd: error: execve(): MPI: Permission denied
slurmstepd: error: execve(): MPI: Permission denied
slurmstepd: error: execve(): MPI: Permission denied
slurmstepd: error: execve(): MPI: Permission denied
slurmstepd: error: execve(): MPI: Permission denied
slurmstepd: error: execve(): MPI: Permission denied
slurmstepd: error: execve(): MPI: Permission denied
slurmstepd: error: execve(): MPI: Permission denied
slurmstepd: error: execve(): MPI: Permission denied
slurmstepd: error: execve(): MPI: Permission denied
slurmstepd: error: execve(): MPI: Permission denied
slurmstepd: error: execve(): MPI: Permission denied
slurmstepd: error: execve(): MPI: Permission denied
slurmstepd: error: execve(): MPI: Permission denied
slurmstepd: error: execve(): MPI: Permission denied
slurmstepd: error: execve(): MPI: Permission denied
slurmstepd: error: execve(): MPI: Permission denied
slurmstepd: error: execve(): MPI: Permission denied
slurmstepd: error: execve(): MPI: Permission denied
slurmstepd: error: execve(): MPI: Permission denied
slurmstepd: error: execve(): MPI: Permission denied
slurmstepd: error: execve(): MPI: Permission denied
slurmstepd: error: execve(): MPI: Permission denied
slurmstepd: error: execve(): MPI: Permission denied
slurmstepd: error: execve(): MPI: Permission denied
slurmstepd: error: execve(): MPI: Permission denied
slurmstepd: error: execve(): MPI: Permission denied
slurmstepd: error: execve(): MPI: Permission denied
slurmstepd: error: execve(): MPI: Permission denied
slurmstepd: error: execve(): MPI: Permission denied
slurmstepd: error: execve(): MPI: Permission denied
slurmstepd: error: execve(): MPI: Permission denied
slurmstepd: error: execve(): MPI: Permission denied
srun: error: o0411: tasks 1-3: Exited with exit code 13
srun: error: o0420: tasks 37-39: Exited with exit code 13
srun: error: o0416: tasks 21-23: Exited with exit code 13
srun: error: o0413: tasks 9-11: Exited with exit code 13
srun: error: o0422: tasks 45-47: Exited with exit code 13
srun: error: o0412: tasks 5-7: Exited with exit code 13
srun: error: o0419: tasks 33-35: Exited with exit code 13
srun: error: o0418: tasks 29-31: Exited with exit code 13
srun: error: o0414: tasks 13-15: Exited with exit code 13
srun: error: o0417: tasks 25-27: Exited with exit code 13
srun: error: o0415: tasks 17-19: Exited with exit code 13
srun: error: o0421: tasks 41-43: Exited with exit code 13
slurmstepd: error: execve(): MPI: Permission denied
slurmstepd: error: execve(): MPI: Permission denied
slurmstepd: error: execve(): MPI: Permission denied
slurmstepd: error: execve(): MPI: Permission denied
slurmstepd: error: execve(): MPI: Permission denied
slurmstepd: error: execve(): MPI: Permission denied
slurmstepd: error: execve(): MPI: Permission denied
slurmstepd: error: execve(): MPI: Permission denied
slurmstepd: error: execve(): MPI: Permission denied
slurmstepd: error: execve(): MPI: Permission denied
slurmstepd: error: execve(): MPI: Permission denied
slurmstepd: error: execve(): MPI: Permission denied
srun: error: o0412: task 4: Exited with exit code 13
srun: error: o0411: task 0: Exited with exit code 13
srun: error: o0416: task 20: Exited with exit code 13
srun: error: o0413: task 8: Exited with exit code 13
srun: error: o0419: task 32: Exited with exit code 13
srun: error: o0421: task 40: Exited with exit code 13
srun: error: o0417: task 24: Exited with exit code 13
srun: error: o0422: task 44: Exited with exit code 13
srun: error: o0415: task 16: Exited with exit code 13
srun: error: o0420: task 36: Exited with exit code 13
srun: error: o0418: task 28: Exited with exit code 13
srun: error: o0414: task 12: Exited with exit code 13
slurmstepd: error: execve(): MPI: Permission denied
slurmstepd: error: execve(): MPI: Permission denied
slurmstepd: error: execve(): MPI: Permission denied
slurmstepd: error: execve(): MPI: Permission denied
slurmstepd: error: execve(): MPI: Permission denied
slurmstepd: error: execve(): MPI: Permission denied
slurmstepd: error: execve(): MPI: Permission denied
slurmstepd: error: execve(): MPI: Permission denied
slurmstepd: error: execve(): MPI: Permission denied
slurmstepd: error: execve(): MPI: Permission denied
slurmstepd: error: execve(): MPI: Permission denied
slurmstepd: error: execve(): MPI: Permission denied
slurmstepd: error: execve(): MPI: Permission denied
slurmstepd: error: execve(): MPI: Permission denied
slurmstepd: error: execve(): MPI: Permission denied
slurmstepd: error: execve(): MPI: Permission denied
slurmstepd: error: execve(): MPI: Permission denied
slurmstepd: error: execve(): MPI: Permission denied
slurmstepd: error: execve(): MPI: Permission denied
slurmstepd: error: execve(): MPI: Permission denied
slurmstepd: error: execve(): MPI: Permission denied
slurmstepd: error: execve(): MPI: Permission denied
slurmstepd: error: execve(): MPI: Permission denied
slurmstepd: error: execve(): MPI: Permission denied
slurmstepd: error: execve(): MPI: Permission denied
slurmstepd: error: execve(): MPI: Permission denied
slurmstepd: error: execve(): MPI: Permission denied
slurmstepd: error: execve(): MPI: Permission denied
slurmstepd: error: execve(): MPI: Permission denied
slurmstepd: error: execve(): MPI: Permission denied
slurmstepd: error: execve(): MPI: Permission denied
slurmstepd: error: execve(): MPI: Permission denied
slurmstepd: error: execve(): MPI: Permission denied
slurmstepd: error: execve(): MPI: Permission denied
slurmstepd: error: execve(): MPI: Permission denied
slurmstepd: error: execve(): MPI: Permission denied
slurmstepd: error: execve(): MPI: Permission denied
slurmstepd: error: execve(): MPI: Permission denied
slurmstepd: error: execve(): MPI: Permission denied
slurmstepd: error: execve(): MPI: Permission denied
slurmstepd: error: execve(): MPI: Permission denied
slurmstepd: error: execve(): MPI: Permission denied
slurmstepd: error: execve(): MPI: Permission denied
slurmstepd: error: execve(): MPI: Permission denied
slurmstepd: error: execve(): MPI: Permission denied
slurmstepd: error: execve(): MPI: Permission denied
srun: error: o0412: tasks 6-9: Exited with exit code 13
srun: error: o0414: tasks 16-19: Exited with exit code 13
srun: error: o0416: tasks 26-29: Exited with exit code 13
srun: error: o0415: tasks 21-24: Exited with exit code 13
srun: error: o0418: tasks 36-39: Exited with exit code 13
srun: error: o0413: tasks 11-14: Exited with exit code 13
srun: error: o0420: tasks 46-49: Exited with exit code 13
srun: error: o0411: tasks 1-4: Exited with exit code 13
srun: error: o0422: tasks 56-59: Exited with exit code 13
srun: error: o0417: tasks 31-34: Exited with exit code 13
srun: error: o0419: tasks 41-44: Exited with exit code 13
slurmstepd: error: execve(): MPI: Permission denied
slurmstepd: error: execve(): MPI: Permission denied
slurmstepd: error: execve(): MPI: Permission denied
slurmstepd: error: execve(): MPI: Permission denied
slurmstepd: error: execve(): MPI: Permission denied
slurmstepd: error: execve(): MPI: Permission denied
slurmstepd: error: execve(): MPI: Permission denied
slurmstepd: error: execve(): MPI: Permission denied
slurmstepd: error: execve(): MPI: Permission denied
slurmstepd: error: execve(): MPI: Permission denied
slurmstepd: error: execve(): MPI: Permission denied
slurmstepd: error: execve(): MPI: Permission denied
slurmstepd: error: execve(): MPI: Permission denied
srun: error: o0421: tasks 51-54: Exited with exit code 13
slurmstepd: error: execve(): MPI: Permission denied
srun: error: o0422: task 55: Exited with exit code 13
srun: error: o0411: task 0: Exited with exit code 13
srun: error: o0415: task 20: Exited with exit code 13
srun: error: o0412: task 5: Exited with exit code 13
srun: error: o0416: task 25: Exited with exit code 13
srun: error: o0418: task 35: Exited with exit code 13
srun: error: o0414: task 15: Exited with exit code 13
srun: error: o0419: task 40: Exited with exit code 13
srun: error: o0417: task 30: Exited with exit code 13
srun: error: o0420: task 45: Exited with exit code 13
srun: error: o0413: task 10: Exited with exit code 13
srun: error: o0421: task 50: Exited with exit code 13
slurmstepd: error: execve(): MPI: Permission denied
slurmstepd: error: execve(): MPI: Permission denied
slurmstepd: error: execve(): MPI: Permission denied
slurmstepd: error: execve(): MPI: Permission denied
slurmstepd: error: execve(): MPI: Permission denied
slurmstepd: error: execve(): MPI: Permission denied
slurmstepd: error: execve(): MPI: Permission denied
slurmstepd: error: execve(): MPI: Permission denied
slurmstepd: error: execve(): MPI: Permission denied
slurmstepd: error: execve(): MPI: Permission denied
slurmstepd: error: execve(): MPI: Permission denied
slurmstepd: error: execve(): MPI: Permission denied
slurmstepd: error: execve(): MPI: Permission denied
slurmstepd: error: execve(): MPI: Permission denied
slurmstepd: error: execve(): MPI: Permission denied
slurmstepd: error: execve(): MPI: Permission denied
slurmstepd: error: execve(): MPI: Permission denied
slurmstepd: error: execve(): MPI: Permission denied
slurmstepd: error: execve(): MPI: Permission denied
slurmstepd: error: execve(): MPI: Permission denied
slurmstepd: error: execve(): MPI: Permission denied
slurmstepd: error: execve(): MPI: Permission denied
slurmstepd: error: execve(): MPI: Permission denied
slurmstepd: error: execve(): MPI: Permission denied
slurmstepd: error: execve(): MPI: Permission denied
slurmstepd: error: execve(): MPI: Permission denied
slurmstepd: error: execve(): MPI: Permission denied
slurmstepd: error: execve(): MPI: Permission denied
slurmstepd: error: execve(): MPI: Permission denied
slurmstepd: error: execve(): MPI: Permission denied
slurmstepd: error: execve(): MPI: Permission denied
slurmstepd: error: execve(): MPI: Permission denied
slurmstepd: error: execve(): MPI: Permission denied
slurmstepd: error: execve(): MPI: Permission denied
slurmstepd: error: execve(): MPI: Permission denied
slurmstepd: error: execve(): MPI: Permission denied
slurmstepd: error: execve(): MPI: Permission denied
slurmstepd: error: execve(): MPI: Permission denied
slurmstepd: error: execve(): MPI: Permission denied
slurmstepd: error: execve(): MPI: Permission denied
slurmstepd: error: execve(): MPI: Permission denied
slurmstepd: error: execve(): MPI: Permission denied
slurmstepd: error: execve(): MPI: Permission denied
slurmstepd: error: execve(): MPI: Permission denied
slurmstepd: error: execve(): MPI: Permission denied
slurmstepd: error: execve(): MPI: Permission denied
slurmstepd: error: execve(): MPI: Permission denied
slurmstepd: error: execve(): MPI: Permission denied
slurmstepd: error: execve(): MPI: Permission denied
slurmstepd: error: execve(): MPI: Permission denied
slurmstepd: error: execve(): MPI: Permission denied
slurmstepd: error: execve(): MPI: Permission denied
slurmstepd: error: execve(): MPI: Permission denied
slurmstepd: error: execve(): MPI: Permission denied
slurmstepd: error: execve(): MPI: Permission denied
slurmstepd: error: execve(): MPI: Permission denied
slurmstepd: error: execve(): MPI: Permission denied
slurmstepd: error: execve(): MPI: Permission denied
slurmstepd: error: execve(): MPI: Permission denied
slurmstepd: error: execve(): MPI: Permission denied
srun: error: o0422: tasks 67-71: Exited with exit code 13
srun: error: o0411: tasks 1-5: Exited with exit code 13
srun: error: o0417: tasks 37-41: Exited with exit code 13
srun: error: o0416: tasks 31-35: Exited with exit code 13
srun: error: o0414: tasks 19-23: Exited with exit code 13
srun: error: o0420: tasks 55-59: Exited with exit code 13
srun: error: o0413: tasks 13-17: Exited with exit code 13
srun: error: o0421: tasks 61-65: Exited with exit code 13
srun: error: o0418: tasks 43-47: Exited with exit code 13
srun: error: o0419: tasks 49-53: Exited with exit code 13
srun: error: o0415: tasks 25-29: Exited with exit code 13
slurmstepd: error: execve(): MPI: Permission denied
slurmstepd: error: execve(): MPI: Permission denied
slurmstepd: error: execve(): MPI: Permission denied
srun: error: o0412: tasks 7-11: Exited with exit code 13
slurmstepd: error: execve(): MPI: Permission denied
slurmstepd: error: execve(): MPI: Permission denied
slurmstepd: error: execve(): MPI: Permission denied
slurmstepd: error: execve(): MPI: Permission denied
slurmstepd: error: execve(): MPI: Permission denied
slurmstepd: error: execve(): MPI: Permission denied
slurmstepd: error: execve(): MPI: Permission denied
slurmstepd: error: execve(): MPI: Permission denied
slurmstepd: error: execve(): MPI: Permission denied
srun: error: o0421: task 60: Exited with exit code 13
srun: error: o0422: task 66: Exited with exit code 13
srun: error: o0411: task 0: Exited with exit code 13
srun: error: o0417: task 36: Exited with exit code 13
srun: error: o0414: task 18: Exited with exit code 13
srun: error: o0413: task 12: Exited with exit code 13
srun: error: o0416: task 30: Exited with exit code 13
srun: error: o0420: task 54: Exited with exit code 13
srun: error: o0415: task 24: Exited with exit code 13
srun: error: o0418: task 42: Exited with exit code 13
srun: error: o0419: task 48: Exited with exit code 13
srun: error: o0412: task 6: Exited with exit code 13
slurmstepd: error: execve(): MPI: Permission denied
slurmstepd: error: execve(): MPI: Permission denied
slurmstepd: error: execve(): MPI: Permission denied
slurmstepd: error: execve(): MPI: Permission denied
slurmstepd: error: execve(): MPI: Permission denied
slurmstepd: error: execve(): MPI: Permission denied
slurmstepd: error: execve(): MPI: Permission denied
slurmstepd: error: execve(): MPI: Permission denied
slurmstepd: error: execve(): MPI: Permission denied
slurmstepd: error: execve(): MPI: Permission denied
slurmstepd: error: execve(): MPI: Permission denied
slurmstepd: error: execve(): MPI: Permission denied
slurmstepd: error: execve(): MPI: Permission denied
slurmstepd: error: execve(): MPI: Permission denied
slurmstepd: error: execve(): MPI: Permission denied
slurmstepd: error: execve(): MPI: Permission denied
slurmstepd: error: execve(): MPI: Permission denied
slurmstepd: error: execve(): MPI: Permission denied
slurmstepd: error: execve(): MPI: Permission denied
slurmstepd: error: execve(): MPI: Permission denied
slurmstepd: error: execve(): MPI: Permission denied
slurmstepd: error: execve(): MPI: Permission denied
slurmstepd: error: execve(): MPI: Permission denied
slurmstepd: error: execve(): MPI: Permission denied
slurmstepd: error: execve(): MPI: Permission denied
slurmstepd: error: execve(): MPI: Permission denied
slurmstepd: error: execve(): MPI: Permission denied
slurmstepd: error: execve(): MPI: Permission denied
slurmstepd: error: execve(): MPI: Permission denied
slurmstepd: error: execve(): MPI: Permission denied
slurmstepd: error: execve(): MPI: Permission denied
slurmstepd: error: execve(): MPI: Permission denied
slurmstepd: error: execve(): MPI: Permission denied
slurmstepd: error: execve(): MPI: Permission denied
slurmstepd: error: execve(): MPI: Permission denied
slurmstepd: error: execve(): MPI: Permission denied
slurmstepd: error: execve(): MPI: Permission denied
slurmstepd: error: execve(): MPI: Permission denied
slurmstepd: error: execve(): MPI: Permission denied
slurmstepd: error: execve(): MPI: Permission denied
slurmstepd: error: execve(): MPI: Permission denied
slurmstepd: error: execve(): MPI: Permission denied
slurmstepd: error: execve(): MPI: Permission denied
slurmstepd: error: execve(): MPI: Permission denied
slurmstepd: error: execve(): MPI: Permission denied
slurmstepd: error: execve(): MPI: Permission denied
slurmstepd: error: execve(): MPI: Permission denied
slurmstepd: error: execve(): MPI: Permission denied
slurmstepd: error: execve(): MPI: Permission denied
slurmstepd: error: execve(): MPI: Permission denied
slurmstepd: error: execve(): MPI: Permission denied
slurmstepd: error: execve(): MPI: Permission denied
slurmstepd: error: execve(): MPI: Permission denied
slurmstepd: error: execve(): MPI: Permission denied
slurmstepd: error: execve(): MPI: Permission denied
slurmstepd: error: execve(): MPI: Permission denied
slurmstepd: error: execve(): MPI: Permission denied
slurmstepd: error: execve(): MPI: Permission denied
slurmstepd: error: execve(): MPI: Permission denied
slurmstepd: error: execve(): MPI: Permission denied
slurmstepd: error: execve(): MPI: Permission denied
slurmstepd: error: execve(): MPI: Permission denied
slurmstepd: error: execve(): MPI: Permission denied
slurmstepd: error: execve(): MPI: Permission denied
slurmstepd: error: execve(): MPI: Permission denied
slurmstepd: error: execve(): MPI: Permission denied
slurmstepd: error: execve(): MPI: Permission denied
slurmstepd: error: execve(): MPI: Permission denied
slurmstepd: error: execve(): MPI: Permission denied
slurmstepd: error: execve(): MPI: Permission denied
slurmstepd: error: execve(): MPI: Permission denied
slurmstepd: error: execve(): MPI: Permission denied
srun: error: o0417: tasks 43-48: Exited with exit code 13
srun: error: o0419: tasks 57-62: Exited with exit code 13
srun: error: o0411: tasks 1-6: Exited with exit code 13
srun: error: o0418: tasks 50-55: Exited with exit code 13
slurmstepd: error: execve(): MPI: Permission denied
srun: error: o0420: tasks 64-69: Exited with exit code 13
srun: error: o0414: tasks 22-27: Exited with exit code 13
slurmstepd: error: execve(): MPI: Permission denied
srun: error: o0415: tasks 29-34: Exited with exit code 13
srun: error: o0412: tasks 8-13: Exited with exit code 13
srun: error: o0422: tasks 78-83: Exited with exit code 13
srun: error: o0421: tasks 71-76: Exited with exit code 13
srun: error: o0413: tasks 15-20: Exited with exit code 13
slurmstepd: error: execve(): MPI: Permission denied
srun: error: o0416: tasks 36-41: Exited with exit code 13
slurmstepd: error: execve(): MPI: Permission denied
slurmstepd: error: execve(): MPI: Permission denied
slurmstepd: error: execve(): MPI: Permission denied
slurmstepd: error: execve(): MPI: Permission denied
slurmstepd: error: execve(): MPI: Permission denied
slurmstepd: error: execve(): MPI: Permission denied
slurmstepd: error: execve(): MPI: Permission denied
slurmstepd: error: execve(): MPI: Permission denied
slurmstepd: error: execve(): MPI: Permission denied
srun: error: o0419: task 56: Exited with exit code 13
srun: error: o0417: task 42: Exited with exit code 13
srun: error: o0412: task 7: Exited with exit code 13
srun: error: o0420: task 63: Exited with exit code 13
srun: error: o0411: task 0: Exited with exit code 13
srun: error: o0415: task 28: Exited with exit code 13
srun: error: o0418: task 49: Exited with exit code 13
srun: error: o0416: task 35: Exited with exit code 13
srun: error: o0414: task 21: Exited with exit code 13
srun: error: o0422: task 77: Exited with exit code 13
srun: error: o0413: task 14: Exited with exit code 13
srun: error: o0421: task 70: Exited with exit code 13
slurmstepd: error: execve(): MPI: Permission denied
slurmstepd: error: execve(): MPI: Permission denied
slurmstepd: error: execve(): MPI: Permission denied
slurmstepd: error: execve(): MPI: Permission denied
slurmstepd: error: execve(): MPI: Permission denied
slurmstepd: error: execve(): MPI: Permission denied
slurmstepd: error: execve(): MPI: Permission denied
slurmstepd: error: execve(): MPI: Permission denied
slurmstepd: error: execve(): MPI: Permission denied
slurmstepd: error: execve(): MPI: Permission denied
slurmstepd: error: execve(): MPI: Permission denied
slurmstepd: error: execve(): MPI: Permission denied
slurmstepd: error: execve(): MPI: Permission denied
slurmstepd: error: execve(): MPI: Permission denied
slurmstepd: error: execve(): MPI: Permission denied
slurmstepd: error: execve(): MPI: Permission denied
slurmstepd: error: execve(): MPI: Permission denied
slurmstepd: error: execve(): MPI: Permission denied
slurmstepd: error: execve(): MPI: Permission denied
slurmstepd: error: execve(): MPI: Permission denied
slurmstepd: error: execve(): MPI: Permission denied
slurmstepd: error: execve(): MPI: Permission denied
slurmstepd: error: execve(): MPI: Permission denied
slurmstepd: error: execve(): MPI: Permission denied
slurmstepd: error: execve(): MPI: Permission denied
slurmstepd: error: execve(): MPI: Permission denied
slurmstepd: error: execve(): MPI: Permission denied
slurmstepd: error: execve(): MPI: Permission denied
slurmstepd: error: execve(): MPI: Permission denied
slurmstepd: error: execve(): MPI: Permission denied
slurmstepd: error: execve(): MPI: Permission denied
slurmstepd: error: execve(): MPI: Permission denied
slurmstepd: error: execve(): MPI: Permission denied
slurmstepd: error: execve(): MPI: Permission denied
slurmstepd: error: execve(): MPI: Permission denied
slurmstepd: error: execve(): MPI: Permission denied
slurmstepd: error: execve(): MPI: Permission denied
slurmstepd: error: execve(): MPI: Permission denied
slurmstepd: error: execve(): MPI: Permission denied
slurmstepd: error: execve(): MPI: Permission denied
slurmstepd: error: execve(): MPI: Permission denied
slurmstepd: error: execve(): MPI: Permission denied
slurmstepd: error: execve(): MPI: Permission denied
slurmstepd: error: execve(): MPI: Permission denied
slurmstepd: error: execve(): MPI: Permission denied
slurmstepd: error: execve(): MPI: Permission denied
slurmstepd: error: execve(): MPI: Permission denied
slurmstepd: error: execve(): MPI: Permission denied
slurmstepd: error: execve(): MPI: Permission denied
slurmstepd: error: execve(): MPI: Permission denied
slurmstepd: error: execve(): MPI: Permission denied
slurmstepd: error: execve(): MPI: Permission denied
slurmstepd: error: execve(): MPI: Permission denied
slurmstepd: error: execve(): MPI: Permission denied
slurmstepd: error: execve(): MPI: Permission denied
slurmstepd: error: execve(): MPI: Permission denied
slurmstepd: error: execve(): MPI: Permission denied
slurmstepd: error: execve(): MPI: Permission denied
slurmstepd: error: execve(): MPI: Permission denied
slurmstepd: error: execve(): MPI: Permission denied
slurmstepd: error: execve(): MPI: Permission denied
slurmstepd: error: execve(): MPI: Permission denied
slurmstepd: error: execve(): MPI: Permission denied
slurmstepd: error: execve(): MPI: Permission denied
slurmstepd: error: execve(): MPI: Permission denied
slurmstepd: error: execve(): MPI: Permission denied
slurmstepd: error: execve(): MPI: Permission denied
slurmstepd: error: execve(): MPI: Permission denied
slurmstepd: error: execve(): MPI: Permission denied
slurmstepd: error: execve(): MPI: Permission denied
slurmstepd: error: execve(): MPI: Permission denied
slurmstepd: error: execve(): MPI: Permission denied
slurmstepd: error: execve(): MPI: Permission denied
slurmstepd: error: execve(): MPI: Permission denied
slurmstepd: error: execve(): MPI: Permission denied
slurmstepd: error: execve(): MPI: Permission denied
slurmstepd: error: execve(): MPI: Permission denied
slurmstepd: error: execve(): MPI: Permission denied
slurmstepd: error: execve(): MPI: Permission denied
slurmstepd: error: execve(): MPI: Permission denied
slurmstepd: error: execve(): MPI: Permission denied
slurmstepd: error: execve(): MPI: Permission denied
slurmstepd: error: execve(): MPI: Permission denied
slurmstepd: error: execve(): MPI: Permission denied
srun: error: o0411: tasks 1-7: Exited with exit code 13
slurmstepd: error: execve(): MPI: Permission denied
srun: error: o0413: tasks 17-23: Exited with exit code 13
slurmstepd: error: execve(): MPI: Permission denied
srun: error: o0412: tasks 9-15: Exited with exit code 13
slurmstepd: error: execve(): MPI: Permission denied
slurmstepd: error: execve(): MPI: Permission denied
srun: error: o0416: tasks 41-47: Exited with exit code 13
slurmstepd: error: execve(): MPI: Permission denied
srun: error: o0417: tasks 49-55: Exited with exit code 13
srun: error: o0420: tasks 73-79: Exited with exit code 13
slurmstepd: error: execve(): MPI: Permission denied
slurmstepd: error: execve(): MPI: Permission denied
srun: error: o0414: tasks 25-31: Exited with exit code 13
srun: error: o0422: tasks 89-95: Exited with exit code 13
slurmstepd: error: execve(): MPI: Permission denied
srun: error: o0419: tasks 65-71: Exited with exit code 13
slurmstepd: error: execve(): MPI: Permission denied
srun: error: o0418: tasks 57-63: Exited with exit code 13
srun: error: o0421: tasks 81-87: Exited with exit code 13
slurmstepd: error: execve(): MPI: Permission denied
slurmstepd: error: execve(): MPI: Permission denied
slurmstepd: error: execve(): MPI: Permission denied
srun: error: o0416: task 40: Exited with exit code 13
srun: error: o0411: task 0: Exited with exit code 13
srun: error: o0417: task 48: Exited with exit code 13
srun: error: o0415: tasks 32-39: Exited with exit code 13
srun: error: o0412: task 8: Exited with exit code 13
srun: error: o0413: task 16: Exited with exit code 13
srun: error: o0420: task 72: Exited with exit code 13
srun: error: o0419: task 64: Exited with exit code 13
srun: error: o0414: task 24: Exited with exit code 13
srun: error: o0422: task 88: Exited with exit code 13
srun: error: o0418: task 56: Exited with exit code 13
srun: error: o0421: task 80: Exited with exit code 13
slurmstepd: error: execve(): MPI: Permission denied
slurmstepd: error: execve(): MPI: Permission denied
slurmstepd: error: execve(): MPI: Permission denied
slurmstepd: error: execve(): MPI: Permission denied
slurmstepd: error: execve(): MPI: Permission denied
slurmstepd: error: execve(): MPI: Permission denied
slurmstepd: error: execve(): MPI: Permission denied
slurmstepd: error: execve(): MPI: Permission denied
slurmstepd: error: execve(): MPI: Permission denied
slurmstepd: error: execve(): MPI: Permission denied
slurmstepd: error: execve(): MPI: Permission denied
slurmstepd: error: execve(): MPI: Permission denied
slurmstepd: error: execve(): MPI: Permission denied
slurmstepd: error: execve(): MPI: Permission denied
slurmstepd: error: execve(): MPI: Permission denied
slurmstepd: error: execve(): MPI: Permission denied
slurmstepd: error: execve(): MPI: Permission denied
slurmstepd: error: execve(): MPI: Permission denied
slurmstepd: error: execve(): MPI: Permission denied
slurmstepd: error: execve(): MPI: Permission denied
slurmstepd: error: execve(): MPI: Permission denied
slurmstepd: error: execve(): MPI: Permission denied
slurmstepd: error: execve(): MPI: Permission denied
slurmstepd: error: execve(): MPI: Permission denied
slurmstepd: error: execve(): MPI: Permission denied
slurmstepd: error: execve(): MPI: Permission denied
slurmstepd: error: execve(): MPI: Permission denied
slurmstepd: error: execve(): MPI: Permission denied
slurmstepd: error: execve(): MPI: Permission denied
slurmstepd: error: execve(): MPI: Permission denied
slurmstepd: error: execve(): MPI: Permission denied
slurmstepd: error: execve(): MPI: Permission denied
slurmstepd: error: execve(): MPI: Permission denied
slurmstepd: error: execve(): MPI: Permission denied
slurmstepd: error: execve(): MPI: Permission denied
slurmstepd: error: execve(): MPI: Permission denied
slurmstepd: error: execve(): MPI: Permission denied
slurmstepd: error: execve(): MPI: Permission denied
slurmstepd: error: execve(): MPI: Permission denied
slurmstepd: error: execve(): MPI: Permission denied
slurmstepd: error: execve(): MPI: Permission denied
slurmstepd: error: execve(): MPI: Permission denied
slurmstepd: error: execve(): MPI: Permission denied
slurmstepd: error: execve(): MPI: Permission denied
slurmstepd: error: execve(): MPI: Permission denied
slurmstepd: error: execve(): MPI: Permission denied
slurmstepd: error: execve(): MPI: Permission denied
slurmstepd: error: execve(): MPI: Permission denied
slurmstepd: error: execve(): MPI: Permission denied
slurmstepd: error: execve(): MPI: Permission denied
slurmstepd: error: execve(): MPI: Permission denied
slurmstepd: error: execve(): MPI: Permission denied
slurmstepd: error: execve(): MPI: Permission denied
slurmstepd: error: execve(): MPI: Permission denied
slurmstepd: error: execve(): MPI: Permission denied
slurmstepd: error: execve(): MPI: Permission denied
slurmstepd: error: execve(): MPI: Permission denied
slurmstepd: error: execve(): MPI: Permission denied
slurmstepd: error: execve(): MPI: Permission denied
slurmstepd: error: execve(): MPI: Permission denied
slurmstepd: error: execve(): MPI: Permission denied
slurmstepd: error: execve(): MPI: Permission denied
slurmstepd: error: execve(): MPI: Permission denied
slurmstepd: error: execve(): MPI: Permission denied
slurmstepd: error: execve(): MPI: Permission denied
slurmstepd: error: execve(): MPI: Permission denied
slurmstepd: error: execve(): MPI: Permission denied
slurmstepd: error: execve(): MPI: Permission denied
slurmstepd: error: execve(): MPI: Permission denied
slurmstepd: error: execve(): MPI: Permission denied
slurmstepd: error: execve(): MPI: Permission denied
slurmstepd: error: execve(): MPI: Permission denied
slurmstepd: error: execve(): MPI: Permission denied
slurmstepd: error: execve(): MPI: Permission denied
slurmstepd: error: execve(): MPI: Permission denied
slurmstepd: error: execve(): MPI: Permission denied
slurmstepd: error: execve(): MPI: Permission denied
slurmstepd: error: execve(): MPI: Permission denied
slurmstepd: error: execve(): MPI: Permission denied
slurmstepd: error: execve(): MPI: Permission denied
slurmstepd: error: execve(): MPI: Permission denied
slurmstepd: error: execve(): MPI: Permission denied
slurmstepd: error: execve(): MPI: Permission denied
slurmstepd: error: execve(): MPI: Permission denied
slurmstepd: error: execve(): MPI: Permission denied
slurmstepd: error: execve(): MPI: Permission denied
slurmstepd: error: execve(): MPI: Permission denied
slurmstepd: error: execve(): MPI: Permission denied
slurmstepd: error: execve(): MPI: Permission denied
slurmstepd: error: execve(): MPI: Permission denied
slurmstepd: error: execve(): MPI: Permission denied
slurmstepd: error: execve(): MPI: Permission denied
slurmstepd: error: execve(): MPI: Permission denied
slurmstepd: error: execve(): MPI: Permission denied
slurmstepd: error: execve(): MPI: Permission denied
slurmstepd: error: execve(): MPI: Permission denied
slurmstepd: error: execve(): MPI: Permission denied
slurmstepd: error: execve(): MPI: Permission denied
slurmstepd: error: execve(): MPI: Permission denied
slurmstepd: error: execve(): MPI: Permission denied
slurmstepd: error: execve(): MPI: Permission denied
slurmstepd: error: execve(): MPI: Permission denied
slurmstepd: error: execve(): MPI: Permission denied
slurmstepd: error: execve(): MPI: Permission denied
slurmstepd: error: execve(): MPI: Permission denied
slurmstepd: error: execve(): MPI: Permission denied
slurmstepd: error: execve(): MPI: Permission denied
slurmstepd: error: execve(): MPI: Permission denied
srun: error: o0412: tasks 9-17: Exited with exit code 13
srun: error: o0413: tasks 18-26: Exited with exit code 13
srun: error: o0411: tasks 0-8: Exited with exit code 13
srun: error: o0419: tasks 72-80: Exited with exit code 13
srun: error: o0420: tasks 81-89: Exited with exit code 13
srun: error: o0416: tasks 45-53: Exited with exit code 13
srun: error: o0422: tasks 99-107: Exited with exit code 13
srun: error: o0417: tasks 54-62: Exited with exit code 13
srun: error: o0415: tasks 36-44: Exited with exit code 13
srun: error: o0414: tasks 27-35: Exited with exit code 13
srun: error: o0418: tasks 63-71: Exited with exit code 13
srun: error: o0421: tasks 90-98: Exited with exit code 13
slurmstepd: error: execve(): MPI: Permission denied
slurmstepd: error: execve(): MPI: Permission denied
slurmstepd: error: execve(): MPI: Permission denied
slurmstepd: error: execve(): MPI: Permission denied
slurmstepd: error: execve(): MPI: Permission denied
slurmstepd: error: execve(): MPI: Permission denied
slurmstepd: error: execve(): MPI: Permission denied
slurmstepd: error: execve(): MPI: Permission denied
slurmstepd: error: execve(): MPI: Permission denied
slurmstepd: error: execve(): MPI: Permission denied
slurmstepd: error: execve(): MPI: Permission denied
slurmstepd: error: execve(): MPI: Permission denied
slurmstepd: error: execve(): MPI: Permission denied
slurmstepd: error: execve(): MPI: Permission denied
slurmstepd: error: execve(): MPI: Permission denied
slurmstepd: error: execve(): MPI: Permission denied
slurmstepd: error: execve(): MPI: Permission denied
slurmstepd: error: execve(): MPI: Permission denied
slurmstepd: error: execve(): MPI: Permission denied
slurmstepd: error: execve(): MPI: Permission denied
slurmstepd: error: execve(): MPI: Permission denied
slurmstepd: error: execve(): MPI: Permission denied
slurmstepd: error: execve(): MPI: Permission denied
slurmstepd: error: execve(): MPI: Permission denied
slurmstepd: error: execve(): MPI: Permission denied
slurmstepd: error: execve(): MPI: Permission denied
slurmstepd: error: execve(): MPI: Permission denied
slurmstepd: error: execve(): MPI: Permission denied
slurmstepd: error: execve(): MPI: Permission denied
slurmstepd: error: execve(): MPI: Permission denied
slurmstepd: error: execve(): MPI: Permission denied
slurmstepd: error: execve(): MPI: Permission denied
slurmstepd: error: execve(): MPI: Permission denied
slurmstepd: error: execve(): MPI: Permission denied
slurmstepd: error: execve(): MPI: Permission denied
slurmstepd: error: execve(): MPI: Permission denied
slurmstepd: error: execve(): MPI: Permission denied
slurmstepd: error: execve(): MPI: Permission denied
slurmstepd: error: execve(): MPI: Permission denied
slurmstepd: error: execve(): MPI: Permission denied
slurmstepd: error: execve(): MPI: Permission denied
slurmstepd: error: execve(): MPI: Permission denied
slurmstepd: error: execve(): MPI: Permission denied
slurmstepd: error: execve(): MPI: Permission denied
slurmstepd: error: execve(): MPI: Permission denied
slurmstepd: error: execve(): MPI: Permission denied
slurmstepd: error: execve(): MPI: Permission denied
slurmstepd: error: execve(): MPI: Permission denied
slurmstepd: error: execve(): MPI: Permission denied
slurmstepd: error: execve(): MPI: Permission denied
slurmstepd: error: execve(): MPI: Permission denied
slurmstepd: error: execve(): MPI: Permission denied
slurmstepd: error: execve(): MPI: Permission denied
slurmstepd: error: execve(): MPI: Permission denied
slurmstepd: error: execve(): MPI: Permission denied
slurmstepd: error: execve(): MPI: Permission denied
slurmstepd: error: execve(): MPI: Permission denied
slurmstepd: error: execve(): MPI: Permission denied
slurmstepd: error: execve(): MPI: Permission denied
slurmstepd: error: execve(): MPI: Permission denied
slurmstepd: error: execve(): MPI: Permission denied
slurmstepd: error: execve(): MPI: Permission denied
slurmstepd: error: execve(): MPI: Permission denied
slurmstepd: error: execve(): MPI: Permission denied
slurmstepd: error: execve(): MPI: Permission denied
slurmstepd: error: execve(): MPI: Permission denied
slurmstepd: error: execve(): MPI: Permission denied
slurmstepd: error: execve(): MPI: Permission denied
slurmstepd: error: execve(): MPI: Permission denied
slurmstepd: error: execve(): MPI: Permission denied
slurmstepd: error: execve(): MPI: Permission denied
slurmstepd: error: execve(): MPI: Permission denied
slurmstepd: error: execve(): MPI: Permission denied
slurmstepd: error: execve(): MPI: Permission denied
slurmstepd: error: execve(): MPI: Permission denied
slurmstepd: error: execve(): MPI: Permission denied
slurmstepd: error: execve(): MPI: Permission denied
slurmstepd: error: execve(): MPI: Permission denied
slurmstepd: error: execve(): MPI: Permission denied
slurmstepd: error: execve(): MPI: Permission denied
slurmstepd: error: execve(): MPI: Permission denied
slurmstepd: error: execve(): MPI: Permission denied
slurmstepd: error: execve(): MPI: Permission denied
slurmstepd: error: execve(): MPI: Permission denied
slurmstepd: error: execve(): MPI: Permission denied
slurmstepd: error: execve(): MPI: Permission denied
slurmstepd: error: execve(): MPI: Permission denied
slurmstepd: error: execve(): MPI: Permission denied
slurmstepd: error: execve(): MPI: Permission denied
slurmstepd: error: execve(): MPI: Permission denied
slurmstepd: error: execve(): MPI: Permission denied
slurmstepd: error: execve(): MPI: Permission denied
slurmstepd: error: execve(): MPI: Permission denied
slurmstepd: error: execve(): MPI: Permission denied
slurmstepd: error: execve(): MPI: Permission denied
slurmstepd: error: execve(): MPI: Permission denied
slurmstepd: error: execve(): MPI: Permission denied
slurmstepd: error: execve(): MPI: Permission denied
slurmstepd: error: execve(): MPI: Permission denied
slurmstepd: error: execve(): MPI: Permission denied
slurmstepd: error: execve(): MPI: Permission denied
slurmstepd: error: execve(): MPI: Permission denied
slurmstepd: error: execve(): MPI: Permission denied
slurmstepd: error: execve(): MPI: Permission denied
slurmstepd: error: execve(): MPI: Permission denied
slurmstepd: error: execve(): MPI: Permission denied
slurmstepd: error: execve(): MPI: Permission denied
slurmstepd: error: execve(): MPI: Permission denied
slurmstepd: error: execve(): MPI: Permission denied
slurmstepd: error: execve(): MPI: Permission denied
slurmstepd: error: execve(): MPI: Permission denied
slurmstepd: error: execve(): MPI: Permission denied
slurmstepd: error: execve(): MPI: Permission denied
slurmstepd: error: execve(): MPI: Permission denied
slurmstepd: error: execve(): MPI: Permission denied
slurmstepd: error: execve(): MPI: Permission denied
slurmstepd: error: execve(): MPI: Permission denied
slurmstepd: error: execve(): MPI: Permission denied
slurmstepd: error: execve(): MPI: Permission denied
slurmstepd: error: execve(): MPI: Permission denied
srun: error: o0417: tasks 60-69: Exited with exit code 13
srun: error: o0414: tasks 30-39: Exited with exit code 13
srun: error: o0411: tasks 0-9: Exited with exit code 13
srun: error: o0412: tasks 10-19: Exited with exit code 13
srun: error: o0416: tasks 50-59: Exited with exit code 13
srun: error: o0419: tasks 80-89: Exited with exit code 13
srun: error: o0420: tasks 90-99: Exited with exit code 13
srun: error: o0415: tasks 40-49: Exited with exit code 13
srun: error: o0418: tasks 70-79: Exited with exit code 13
srun: error: o0422: tasks 110-119: Exited with exit code 13
srun: error: o0413: tasks 20-29: Exited with exit code 13
srun: error: o0421: tasks 100-109: Exited with exit code 13
slurmstepd: error: execve(): MPI: Permission denied
slurmstepd: error: execve(): MPI: Permission denied
slurmstepd: error: execve(): MPI: Permission denied
slurmstepd: error: execve(): MPI: Permission denied
slurmstepd: error: execve(): MPI: Permission denied
slurmstepd: error: execve(): MPI: Permission denied
slurmstepd: error: execve(): MPI: Permission denied
slurmstepd: error: execve(): MPI: Permission denied
slurmstepd: error: execve(): MPI: Permission denied
slurmstepd: error: execve(): MPI: Permission denied
slurmstepd: error: execve(): MPI: Permission denied
slurmstepd: error: execve(): MPI: Permission denied
slurmstepd: error: execve(): MPI: Permission denied
slurmstepd: error: execve(): MPI: Permission denied
slurmstepd: error: execve(): MPI: Permission denied
slurmstepd: error: execve(): MPI: Permission denied
slurmstepd: error: execve(): MPI: Permission denied
slurmstepd: error: execve(): MPI: Permission denied
slurmstepd: error: execve(): MPI: Permission denied
slurmstepd: error: execve(): MPI: Permission denied
slurmstepd: error: execve(): MPI: Permission denied
slurmstepd: error: execve(): MPI: Permission denied
slurmstepd: error: execve(): MPI: Permission denied
slurmstepd: error: execve(): MPI: Permission denied
slurmstepd: error: execve(): MPI: Permission denied
slurmstepd: error: execve(): MPI: Permission denied
slurmstepd: error: execve(): MPI: Permission denied
slurmstepd: error: execve(): MPI: Permission denied
slurmstepd: error: execve(): MPI: Permission denied
slurmstepd: error: execve(): MPI: Permission denied
slurmstepd: error: execve(): MPI: Permission denied
slurmstepd: error: execve(): MPI: Permission denied
slurmstepd: error: execve(): MPI: Permission denied
slurmstepd: error: execve(): MPI: Permission denied
slurmstepd: error: execve(): MPI: Permission denied
slurmstepd: error: execve(): MPI: Permission denied
slurmstepd: error: execve(): MPI: Permission denied
slurmstepd: error: execve(): MPI: Permission denied
slurmstepd: error: execve(): MPI: Permission denied
slurmstepd: error: execve(): MPI: Permission denied
slurmstepd: error: execve(): MPI: Permission denied
slurmstepd: error: execve(): MPI: Permission denied
slurmstepd: error: execve(): MPI: Permission denied
slurmstepd: error: execve(): MPI: Permission denied
slurmstepd: error: execve(): MPI: Permission denied
slurmstepd: error: execve(): MPI: Permission denied
slurmstepd: error: execve(): MPI: Permission denied
slurmstepd: error: execve(): MPI: Permission denied
slurmstepd: error: execve(): MPI: Permission denied
slurmstepd: error: execve(): MPI: Permission denied
slurmstepd: error: execve(): MPI: Permission denied
slurmstepd: error: execve(): MPI: Permission denied
slurmstepd: error: execve(): MPI: Permission denied
slurmstepd: error: execve(): MPI: Permission denied
slurmstepd: error: execve(): MPI: Permission denied
slurmstepd: error: execve(): MPI: Permission denied
slurmstepd: error: execve(): MPI: Permission denied
slurmstepd: error: execve(): MPI: Permission denied
slurmstepd: error: execve(): MPI: Permission denied
slurmstepd: error: execve(): MPI: Permission denied
slurmstepd: error: execve(): MPI: Permission denied
slurmstepd: error: execve(): MPI: Permission denied
slurmstepd: error: execve(): MPI: Permission denied
slurmstepd: error: execve(): MPI: Permission denied
slurmstepd: error: execve(): MPI: Permission denied
slurmstepd: error: execve(): MPI: Permission denied
slurmstepd: error: execve(): MPI: Permission denied
slurmstepd: error: execve(): MPI: Permission denied
slurmstepd: error: execve(): MPI: Permission denied
slurmstepd: error: execve(): MPI: Permission denied
slurmstepd: error: execve(): MPI: Permission denied
slurmstepd: error: execve(): MPI: Permission denied
slurmstepd: error: execve(): MPI: Permission denied
slurmstepd: error: execve(): MPI: Permission denied
slurmstepd: error: execve(): MPI: Permission denied
slurmstepd: error: execve(): MPI: Permission denied
slurmstepd: error: execve(): MPI: Permission denied
slurmstepd: error: execve(): MPI: Permission denied
slurmstepd: error: execve(): MPI: Permission denied
slurmstepd: error: execve(): MPI: Permission denied
slurmstepd: error: execve(): MPI: Permission denied
slurmstepd: error: execve(): MPI: Permission denied
slurmstepd: error: execve(): MPI: Permission denied
slurmstepd: error: execve(): MPI: Permission denied
slurmstepd: error: execve(): MPI: Permission denied
slurmstepd: error: execve(): MPI: Permission denied
slurmstepd: error: execve(): MPI: Permission denied
slurmstepd: error: execve(): MPI: Permission denied
slurmstepd: error: execve(): MPI: Permission denied
slurmstepd: error: execve(): MPI: Permission denied
slurmstepd: error: execve(): MPI: Permission denied
slurmstepd: error: execve(): MPI: Permission denied
slurmstepd: error: execve(): MPI: Permission denied
slurmstepd: error: execve(): MPI: Permission denied
slurmstepd: error: execve(): MPI: Permission denied
slurmstepd: error: execve(): MPI: Permission denied
slurmstepd: error: execve(): MPI: Permission denied
slurmstepd: error: execve(): MPI: Permission denied
slurmstepd: error: execve(): MPI: Permission denied
slurmstepd: error: execve(): MPI: Permission denied
slurmstepd: error: execve(): MPI: Permission denied
slurmstepd: error: execve(): MPI: Permission denied
slurmstepd: error: execve(): MPI: Permission denied
slurmstepd: error: execve(): MPI: Permission denied
slurmstepd: error: execve(): MPI: Permission denied
slurmstepd: error: execve(): MPI: Permission denied
slurmstepd: error: execve(): MPI: Permission denied
slurmstepd: error: execve(): MPI: Permission denied
slurmstepd: error: execve(): MPI: Permission denied
slurmstepd: error: execve(): MPI: Permission denied
slurmstepd: error: execve(): MPI: Permission denied
slurmstepd: error: execve(): MPI: Permission denied
slurmstepd: error: execve(): MPI: Permission denied
slurmstepd: error: execve(): MPI: Permission denied
slurmstepd: error: execve(): MPI: Permission denied
slurmstepd: error: execve(): MPI: Permission denied
slurmstepd: error: execve(): MPI: Permission denied
slurmstepd: error: execve(): MPI: Permission denied
slurmstepd: error: execve(): MPI: Permission denied
slurmstepd: error: execve(): MPI: Permission denied
slurmstepd: error: execve(): MPI: Permission denied
slurmstepd: error: execve(): MPI: Permission denied
slurmstepd: error: execve(): MPI: Permission denied
slurmstepd: error: execve(): MPI: Permission denied
slurmstepd: error: execve(): MPI: Permission denied
slurmstepd: error: execve(): MPI: Permission denied
slurmstepd: error: execve(): MPI: Permission denied
slurmstepd: error: execve(): MPI: Permission denied
slurmstepd: error: execve(): MPI: Permission denied
slurmstepd: error: execve(): MPI: Permission denied
slurmstepd: error: execve(): MPI: Permission denied
slurmstepd: error: execve(): MPI: Permission denied
srun: error: o0417: tasks 66-76: Exited with exit code 13
srun: error: o0411: tasks 0-10: Exited with exit code 13
srun: error: o0412: tasks 11-21: Exited with exit code 13
srun: error: o0413: tasks 22-32: Exited with exit code 13
srun: error: o0419: tasks 88-98: Exited with exit code 13
srun: error: o0414: tasks 33-43: Exited with exit code 13
srun: error: o0416: tasks 55-65: Exited with exit code 13
srun: error: o0415: tasks 44-54: Exited with exit code 13
srun: error: o0420: tasks 99-109: Exited with exit code 13
srun: error: o0421: tasks 110-120: Exited with exit code 13
srun: error: o0422: tasks 121-131: Exited with exit code 13
srun: error: o0418: tasks 77-87: Exited with exit code 13
slurmstepd: error: execve(): MPI: Permission denied
slurmstepd: error: execve(): MPI: Permission denied
slurmstepd: error: execve(): MPI: Permission denied
slurmstepd: error: execve(): MPI: Permission denied
slurmstepd: error: execve(): MPI: Permission denied
slurmstepd: error: execve(): MPI: Permission denied
slurmstepd: error: execve(): MPI: Permission denied
slurmstepd: error: execve(): MPI: Permission denied
slurmstepd: error: execve(): MPI: Permission denied
slurmstepd: error: execve(): MPI: Permission denied
slurmstepd: error: execve(): MPI: Permission denied
slurmstepd: error: execve(): MPI: Permission denied
slurmstepd: error: execve(): MPI: Permission denied
slurmstepd: error: execve(): MPI: Permission denied
slurmstepd: error: execve(): MPI: Permission denied
slurmstepd: error: execve(): MPI: Permission denied
slurmstepd: error: execve(): MPI: Permission denied
slurmstepd: error: execve(): MPI: Permission denied
slurmstepd: error: execve(): MPI: Permission denied
slurmstepd: error: execve(): MPI: Permission denied
slurmstepd: error: execve(): MPI: Permission denied
slurmstepd: error: execve(): MPI: Permission denied
slurmstepd: error: execve(): MPI: Permission denied
slurmstepd: error: execve(): MPI: Permission denied
slurmstepd: error: execve(): MPI: Permission denied
slurmstepd: error: execve(): MPI: Permission denied
slurmstepd: error: execve(): MPI: Permission denied
slurmstepd: error: execve(): MPI: Permission denied
slurmstepd: error: execve(): MPI: Permission denied
slurmstepd: error: execve(): MPI: Permission denied
slurmstepd: error: execve(): MPI: Permission denied
slurmstepd: error: execve(): MPI: Permission denied
slurmstepd: error: execve(): MPI: Permission denied
slurmstepd: error: execve(): MPI: Permission denied
slurmstepd: error: execve(): MPI: Permission denied
slurmstepd: error: execve(): MPI: Permission denied
slurmstepd: error: execve(): MPI: Permission denied
slurmstepd: error: execve(): MPI: Permission denied
slurmstepd: error: execve(): MPI: Permission denied
slurmstepd: error: execve(): MPI: Permission denied
slurmstepd: error: execve(): MPI: Permission denied
slurmstepd: error: execve(): MPI: Permission denied
slurmstepd: error: execve(): MPI: Permission denied
slurmstepd: error: execve(): MPI: Permission denied
slurmstepd: error: execve(): MPI: Permission denied
slurmstepd: error: execve(): MPI: Permission denied
slurmstepd: error: execve(): MPI: Permission denied
slurmstepd: error: execve(): MPI: Permission denied
slurmstepd: error: execve(): MPI: Permission denied
slurmstepd: error: execve(): MPI: Permission denied
slurmstepd: error: execve(): MPI: Permission denied
slurmstepd: error: execve(): MPI: Permission denied
slurmstepd: error: execve(): MPI: Permission denied
slurmstepd: error: execve(): MPI: Permission denied
slurmstepd: error: execve(): MPI: Permission denied
slurmstepd: error: execve(): MPI: Permission denied
slurmstepd: error: execve(): MPI: Permission denied
slurmstepd: error: execve(): MPI: Permission denied
slurmstepd: error: execve(): MPI: Permission denied
slurmstepd: error: execve(): MPI: Permission denied
slurmstepd: error: execve(): MPI: Permission denied
slurmstepd: error: execve(): MPI: Permission denied
slurmstepd: error: execve(): MPI: Permission denied
slurmstepd: error: execve(): MPI: Permission denied
slurmstepd: error: execve(): MPI: Permission denied
slurmstepd: error: execve(): MPI: Permission denied
slurmstepd: error: execve(): MPI: Permission denied
slurmstepd: error: execve(): MPI: Permission denied
slurmstepd: error: execve(): MPI: Permission denied
slurmstepd: error: execve(): MPI: Permission denied
slurmstepd: error: execve(): MPI: Permission denied
slurmstepd: error: execve(): MPI: Permission denied
slurmstepd: error: execve(): MPI: Permission denied
slurmstepd: error: execve(): MPI: Permission denied
slurmstepd: error: execve(): MPI: Permission denied
slurmstepd: error: execve(): MPI: Permission denied
slurmstepd: error: execve(): MPI: Permission denied
slurmstepd: error: execve(): MPI: Permission denied
slurmstepd: error: execve(): MPI: Permission denied
slurmstepd: error: execve(): MPI: Permission denied
slurmstepd: error: execve(): MPI: Permission denied
slurmstepd: error: execve(): MPI: Permission denied
slurmstepd: error: execve(): MPI: Permission denied
slurmstepd: error: execve(): MPI: Permission denied
slurmstepd: error: execve(): MPI: Permission denied
slurmstepd: error: execve(): MPI: Permission denied
slurmstepd: error: execve(): MPI: Permission denied
slurmstepd: error: execve(): MPI: Permission denied
slurmstepd: error: execve(): MPI: Permission denied
slurmstepd: error: execve(): MPI: Permission denied
slurmstepd: error: execve(): MPI: Permission denied
slurmstepd: error: execve(): MPI: Permission denied
slurmstepd: error: execve(): MPI: Permission denied
slurmstepd: error: execve(): MPI: Permission denied
slurmstepd: error: execve(): MPI: Permission denied
slurmstepd: error: execve(): MPI: Permission denied
slurmstepd: error: execve(): MPI: Permission denied
slurmstepd: error: execve(): MPI: Permission denied
slurmstepd: error: execve(): MPI: Permission denied
slurmstepd: error: execve(): MPI: Permission denied
slurmstepd: error: execve(): MPI: Permission denied
slurmstepd: error: execve(): MPI: Permission denied
slurmstepd: error: execve(): MPI: Permission denied
slurmstepd: error: execve(): MPI: Permission denied
slurmstepd: error: execve(): MPI: Permission denied
slurmstepd: error: execve(): MPI: Permission denied
slurmstepd: error: execve(): MPI: Permission denied
slurmstepd: error: execve(): MPI: Permission denied
slurmstepd: error: execve(): MPI: Permission denied
slurmstepd: error: execve(): MPI: Permission denied
slurmstepd: error: execve(): MPI: Permission denied
slurmstepd: error: execve(): MPI: Permission denied
slurmstepd: error: execve(): MPI: Permission denied
slurmstepd: error: execve(): MPI: Permission denied
slurmstepd: error: execve(): MPI: Permission denied
slurmstepd: error: execve(): MPI: Permission denied
slurmstepd: error: execve(): MPI: Permission denied
slurmstepd: error: execve(): MPI: Permission denied
slurmstepd: error: execve(): MPI: Permission denied
slurmstepd: error: execve(): MPI: Permission denied
slurmstepd: error: execve(): MPI: Permission denied
slurmstepd: error: execve(): MPI: Permission denied
slurmstepd: error: execve(): MPI: Permission denied
slurmstepd: error: execve(): MPI: Permission denied
slurmstepd: error: execve(): MPI: Permission denied
slurmstepd: error: execve(): MPI: Permission denied
slurmstepd: error: execve(): MPI: Permission denied
slurmstepd: error: execve(): MPI: Permission denied
slurmstepd: error: execve(): MPI: Permission denied
slurmstepd: error: execve(): MPI: Permission denied
slurmstepd: error: execve(): MPI: Permission denied
slurmstepd: error: execve(): MPI: Permission denied
slurmstepd: error: execve(): MPI: Permission denied
slurmstepd: error: execve(): MPI: Permission denied
slurmstepd: error: execve(): MPI: Permission denied
slurmstepd: error: execve(): MPI: Permission denied
slurmstepd: error: execve(): MPI: Permission denied
slurmstepd: error: execve(): MPI: Permission denied
slurmstepd: error: execve(): MPI: Permission denied
slurmstepd: error: execve(): MPI: Permission denied
slurmstepd: error: execve(): MPI: Permission denied
slurmstepd: error: execve(): MPI: Permission denied
slurmstepd: error: execve(): MPI: Permission denied
slurmstepd: error: execve(): MPI: Permission denied
srun: error: o0416: tasks 60-71: Exited with exit code 13
srun: error: o0412: tasks 12-23: Exited with exit code 13
srun: error: o0418: tasks 84-95: Exited with exit code 13
srun: error: o0411: tasks 0-11: Exited with exit code 13
srun: error: o0417: tasks 72-83: Exited with exit code 13
srun: error: o0413: tasks 24-35: Exited with exit code 13
srun: error: o0420: tasks 108-119: Exited with exit code 13
srun: error: o0414: tasks 36-47: Exited with exit code 13
srun: error: o0422: tasks 132-143: Exited with exit code 13
srun: error: o0415: tasks 48-59: Exited with exit code 13
srun: error: o0419: tasks 96-107: Exited with exit code 13
srun: error: o0421: tasks 120-131: Exited with exit code 13
